Started GET "/" for 127.0.0.1 at 2017-05-16 14:20:25 -0400
Processing by Rails::WelcomeController#index as HTML
  Rendering /Users/bmcdonald/.rvm/gems/ruby-2.4.0/gems/railties-5.1.1/lib/rails/templates/rails/welcome/index.html.erb
  Rendered /Users/bmcdonald/.rvm/gems/ruby-2.4.0/gems/railties-5.1.1/lib/rails/templates/rails/welcome/index.html.erb (3.7ms)
Completed 200 OK in 198ms (Views: 8.3ms)


Started GET "/" for 127.0.0.1 at 2017-05-16 14:26:57 -0400
Processing by Rails::WelcomeController#index as HTML
  Rendering /Users/bmcdonald/.rvm/gems/ruby-2.4.0/gems/railties-5.1.1/lib/rails/templates/rails/welcome/index.html.erb
  Rendered /Users/bmcdonald/.rvm/gems/ruby-2.4.0/gems/railties-5.1.1/lib/rails/templates/rails/welcome/index.html.erb (2.4ms)
Completed 200 OK in 6ms (Views: 4.2ms)


Started GET "/" for 127.0.0.1 at 2017-05-16 14:27:00 -0400
Processing by Rails::WelcomeController#index as HTML
  Rendering /Users/bmcdonald/.rvm/gems/ruby-2.4.0/gems/railties-5.1.1/lib/rails/templates/rails/welcome/index.html.erb
  Rendered /Users/bmcdonald/.rvm/gems/ruby-2.4.0/gems/railties-5.1.1/lib/rails/templates/rails/welcome/index.html.erb (2.9ms)
Completed 200 OK in 7ms (Views: 5.2ms)


Started GET "/" for 127.0.0.1 at 2017-05-16 14:32:26 -0400
Processing by ApplicationController#hello as HTML
  Rendering html template
  Rendered html template (0.0ms)
Completed 200 OK in 1ms (Views: 1.1ms)


  [1m[35m (0.5ms)[0m  [1m[34mSELECT sqlite_version(*)[0m
  [1m[35m (1.3ms)[0m  [1m[35mCREATE TABLE "schema_migrations" ("version" varchar NOT NULL PRIMARY KEY)[0m
  [1m[35m (0.9ms)[0m  [1m[35mCREATE TABLE "ar_internal_metadata" ("key" varchar NOT NULL PRIMARY KEY, "value" varchar, "created_at" datetime NOT NULL, "updated_at" datetime NOT NULL)[0m
  [1m[35m (0.2ms)[0m  [1m[34mSELECT "schema_migrations"."version" FROM "schema_migrations" ORDER BY "schema_migrations"."version" ASC[0m
Migrating to CreateTasks (20170516190038)
  [1m[35m (0.0ms)[0m  [1m[36mbegin transaction[0m
  [1m[35m (0.4ms)[0m  [1m[35mCREATE TABLE "tasks" ("id" INTEGER PRIMARY KEY AUTOINCREMENT NOT NULL, "description" text, "completed" boolean, "created_at" datetime NOT NULL, "updated_at" datetime NOT NULL)[0m
  [1m[35mSQL (0.2ms)[0m  [1m[32mINSERT INTO "schema_migrations" ("version") VALUES (?)[0m  [["version", "20170516190038"]]
  [1m[35m (0.7ms)[0m  [1m[36mcommit transaction[0m
  [1m[36mActiveRecord::InternalMetadata Load (0.1ms)[0m  [1m[34mSELECT  "ar_internal_metadata".* FROM "ar_internal_metadata" WHERE "ar_internal_metadata"."key" = ? LIMIT ?[0m  [["key", "environment"], ["LIMIT", 1]]
  [1m[35m (0.1ms)[0m  [1m[36mbegin transaction[0m
  [1m[35mSQL (0.4ms)[0m  [1m[32mINSERT INTO "ar_internal_metadata" ("key", "value", "created_at", "updated_at") VALUES (?, ?, ?, ?)[0m  [["key", "environment"], ["value", "development"], ["created_at", "2017-05-16 19:01:07.251880"], ["updated_at", "2017-05-16 19:01:07.251880"]]
  [1m[35m (0.5ms)[0m  [1m[36mcommit transaction[0m
  [1m[35m (0.1ms)[0m  [1m[34mSELECT "schema_migrations"."version" FROM "schema_migrations" ORDER BY "schema_migrations"."version" ASC[0m
Started GET "/" for 127.0.0.1 at 2017-05-16 15:02:19 -0400
  [1m[35m (0.1ms)[0m  [1m[34mSELECT "schema_migrations"."version" FROM "schema_migrations" ORDER BY "schema_migrations"."version" ASC[0m
Processing by ApplicationController#hello as HTML
  Rendering html template
  Rendered html template (0.0ms)
Completed 200 OK in 1ms (Views: 0.5ms | ActiveRecord: 0.0ms)


Started GET "/taks" for 127.0.0.1 at 2017-05-16 15:02:53 -0400
  
ActionController::RoutingError (No route matches [GET] "/taks"):
  
actionpack (5.1.1) lib/action_dispatch/middleware/debug_exceptions.rb:63:in `call'
web-console (3.5.1) lib/web_console/middleware.rb:135:in `call_app'
web-console (3.5.1) lib/web_console/middleware.rb:28:in `block in call'
web-console (3.5.1) lib/web_console/middleware.rb:18:in `catch'
web-console (3.5.1) lib/web_console/middleware.rb:18:in `call'
actionpack (5.1.1) lib/action_dispatch/middleware/show_exceptions.rb:31:in `call'
railties (5.1.1) lib/rails/rack/logger.rb:36:in `call_app'
railties (5.1.1) lib/rails/rack/logger.rb:24:in `block in call'
activesupport (5.1.1) lib/active_support/tagged_logging.rb:69:in `block in tagged'
activesupport (5.1.1) lib/active_support/tagged_logging.rb:26:in `tagged'
activesupport (5.1.1) lib/active_support/tagged_logging.rb:69:in `tagged'
railties (5.1.1) lib/rails/rack/logger.rb:24:in `call'
sprockets-rails (3.2.0) lib/sprockets/rails/quiet_assets.rb:13:in `call'
actionpack (5.1.1) lib/action_dispatch/middleware/remote_ip.rb:79:in `call'
actionpack (5.1.1) lib/action_dispatch/middleware/request_id.rb:25:in `call'
rack (2.0.3) lib/rack/method_override.rb:22:in `call'
rack (2.0.3) lib/rack/runtime.rb:22:in `call'
activesupport (5.1.1) lib/active_support/cache/strategy/local_cache_middleware.rb:27:in `call'
actionpack (5.1.1) lib/action_dispatch/middleware/executor.rb:12:in `call'
actionpack (5.1.1) lib/action_dispatch/middleware/static.rb:125:in `call'
rack (2.0.3) lib/rack/sendfile.rb:111:in `call'
railties (5.1.1) lib/rails/engine.rb:522:in `call'
puma (3.8.2) lib/puma/configuration.rb:224:in `call'
puma (3.8.2) lib/puma/server.rb:600:in `handle_request'
puma (3.8.2) lib/puma/server.rb:435:in `process_client'
puma (3.8.2) lib/puma/server.rb:299:in `block in run'
puma (3.8.2) lib/puma/thread_pool.rb:120:in `block in spawn_thread'
Started GET "/tasks" for 127.0.0.1 at 2017-05-16 15:03:00 -0400
Processing by TasksController#index as HTML
  Rendering tasks/index.html.erb within layouts/application
  [1m[36mTask Load (0.1ms)[0m  [1m[34mSELECT "tasks".* FROM "tasks"[0m
  Rendered tasks/index.html.erb within layouts/application (1.8ms)
Completed 200 OK in 354ms (Views: 347.2ms | ActiveRecord: 0.3ms)


Started GET "/tasks/new" for 127.0.0.1 at 2017-05-16 15:04:09 -0400
Processing by TasksController#new as HTML
  Rendering tasks/new.html.erb within layouts/application
  Rendered tasks/_form.html.erb (10.3ms) [cache miss]
  Rendered tasks/new.html.erb within layouts/application (12.1ms)
Completed 200 OK in 33ms (Views: 24.7ms | ActiveRecord: 0.5ms)


Started POST "/tasks" for 127.0.0.1 at 2017-05-16 15:04:16 -0400
Processing by TasksController#create as HTML
  Parameters: {"utf8"=>"✓", "authenticity_token"=>"c2f+79qTomzisWMMxta+3fmWGnD8Rx/gPnrVpGHfbS7joDyo0rQtPfy4pJiPc4w6Z3fONKmHlyxdi3hZaXn45g==", "task"=>{"description"=>"This is a task", "completed"=>"1"}, "commit"=>"Create Task"}
  [1m[35m (0.1ms)[0m  [1m[36mbegin transaction[0m
  [1m[35mSQL (1.0ms)[0m  [1m[32mINSERT INTO "tasks" ("description", "completed", "created_at", "updated_at") VALUES (?, ?, ?, ?)[0m  [["description", "This is a task"], ["completed", "t"], ["created_at", "2017-05-16 19:04:16.400124"], ["updated_at", "2017-05-16 19:04:16.400124"]]
  [1m[35m (0.7ms)[0m  [1m[36mcommit transaction[0m
Redirected to http://localhost:3000/tasks/1
Completed 302 Found in 6ms (ActiveRecord: 1.8ms)


Started GET "/tasks/1" for 127.0.0.1 at 2017-05-16 15:04:16 -0400
Processing by TasksController#show as HTML
  Parameters: {"id"=>"1"}
  [1m[36mTask Load (0.2ms)[0m  [1m[34mSELECT  "tasks".* FROM "tasks" WHERE "tasks"."id" = ? LIMIT ?[0m  [["id", 1], ["LIMIT", 1]]
  Rendering tasks/show.html.erb within layouts/application
  Rendered tasks/show.html.erb within layouts/application (1.3ms)
Completed 200 OK in 31ms (Views: 26.8ms | ActiveRecord: 0.2ms)


Started GET "/tasks/1/edit" for 127.0.0.1 at 2017-05-16 15:04:26 -0400
Processing by TasksController#edit as HTML
  Parameters: {"id"=>"1"}
  [1m[36mTask Load (0.1ms)[0m  [1m[34mSELECT  "tasks".* FROM "tasks" WHERE "tasks"."id" = ? LIMIT ?[0m  [["id", 1], ["LIMIT", 1]]
  Rendering tasks/edit.html.erb within layouts/application
  Rendered tasks/_form.html.erb (1.8ms) [cache miss]
  Rendered tasks/edit.html.erb within layouts/application (4.3ms)
Completed 200 OK in 20ms (Views: 16.8ms | ActiveRecord: 0.1ms)


Started PATCH "/tasks/1" for 127.0.0.1 at 2017-05-16 15:04:28 -0400
Processing by TasksController#update as HTML
  Parameters: {"utf8"=>"✓", "authenticity_token"=>"b+Tnkx/8txWOM4Ikv6fdNVU8PY3/Om+DW/h6Rbot7XaB34L41sWngPXwJYD/lcVn+yG/webC8Ic1ao/iVKQfvw==", "task"=>{"description"=>"This is a task", "completed"=>"0"}, "commit"=>"Update Task", "id"=>"1"}
  [1m[36mTask Load (0.1ms)[0m  [1m[34mSELECT  "tasks".* FROM "tasks" WHERE "tasks"."id" = ? LIMIT ?[0m  [["id", 1], ["LIMIT", 1]]
  [1m[35m (0.0ms)[0m  [1m[36mbegin transaction[0m
  [1m[35mSQL (0.3ms)[0m  [1m[33mUPDATE "tasks" SET "completed" = ?, "updated_at" = ? WHERE "tasks"."id" = ?[0m  [["completed", "f"], ["updated_at", "2017-05-16 19:04:28.518702"], ["id", 1]]
  [1m[35m (0.5ms)[0m  [1m[36mcommit transaction[0m
Redirected to http://localhost:3000/tasks/1
Completed 302 Found in 4ms (ActiveRecord: 1.0ms)


Started GET "/tasks/1" for 127.0.0.1 at 2017-05-16 15:04:28 -0400
Processing by TasksController#show as HTML
  Parameters: {"id"=>"1"}
  [1m[36mTask Load (0.2ms)[0m  [1m[34mSELECT  "tasks".* FROM "tasks" WHERE "tasks"."id" = ? LIMIT ?[0m  [["id", 1], ["LIMIT", 1]]
  Rendering tasks/show.html.erb within layouts/application
  Rendered tasks/show.html.erb within layouts/application (0.6ms)
Completed 200 OK in 17ms (Views: 14.1ms | ActiveRecord: 0.2ms)


Started GET "/tasks/1/edit" for 127.0.0.1 at 2017-05-16 15:04:30 -0400
Processing by TasksController#edit as HTML
  Parameters: {"id"=>"1"}
  [1m[36mTask Load (0.1ms)[0m  [1m[34mSELECT  "tasks".* FROM "tasks" WHERE "tasks"."id" = ? LIMIT ?[0m  [["id", 1], ["LIMIT", 1]]
  Rendering tasks/edit.html.erb within layouts/application
  Rendered tasks/_form.html.erb (1.7ms) [cache miss]
  Rendered tasks/edit.html.erb within layouts/application (4.0ms)
Completed 200 OK in 20ms (Views: 17.5ms | ActiveRecord: 0.1ms)


Started GET "/tasks" for 127.0.0.1 at 2017-05-16 15:04:31 -0400
Processing by TasksController#index as HTML
  Rendering tasks/index.html.erb within layouts/application
  [1m[36mTask Load (0.2ms)[0m  [1m[34mSELECT "tasks".* FROM "tasks"[0m
  Rendered tasks/index.html.erb within layouts/application (2.3ms)
Completed 200 OK in 18ms (Views: 15.4ms | ActiveRecord: 0.2ms)


Started DELETE "/tasks/1" for 127.0.0.1 at 2017-05-16 15:04:37 -0400
Processing by TasksController#destroy as HTML
  Parameters: {"authenticity_token"=>"c9bPz/LqWmT3Ug9jBGqRerD6b2ckMzx5IUTFWHIdvJmV+dfeXG8Yt9x6qfNkWRA6e86fulM0wqOKJd4kXWTN7Q==", "id"=>"1"}
  [1m[36mTask Load (0.1ms)[0m  [1m[34mSELECT  "tasks".* FROM "tasks" WHERE "tasks"."id" = ? LIMIT ?[0m  [["id", 1], ["LIMIT", 1]]
  [1m[35m (0.1ms)[0m  [1m[36mbegin transaction[0m
  [1m[35mSQL (0.4ms)[0m  [1m[31mDELETE FROM "tasks" WHERE "tasks"."id" = ?[0m  [["id", 1]]
  [1m[35m (0.5ms)[0m  [1m[36mcommit transaction[0m
Redirected to http://localhost:3000/tasks
Completed 302 Found in 3ms (ActiveRecord: 1.0ms)


Started GET "/tasks" for 127.0.0.1 at 2017-05-16 15:04:37 -0400
Processing by TasksController#index as HTML
  Rendering tasks/index.html.erb within layouts/application
  [1m[36mTask Load (0.4ms)[0m  [1m[34mSELECT "tasks".* FROM "tasks"[0m
  Rendered tasks/index.html.erb within layouts/application (2.2ms)
Completed 200 OK in 17ms (Views: 14.7ms | ActiveRecord: 0.4ms)


Started GET "/tasks/new" for 127.0.0.1 at 2017-05-16 15:04:55 -0400
Processing by TasksController#new as HTML
  Rendering tasks/new.html.erb within layouts/application
  Rendered tasks/_form.html.erb (1.8ms) [cache miss]
  Rendered tasks/new.html.erb within layouts/application (3.2ms)
Completed 200 OK in 18ms (Views: 16.3ms | ActiveRecord: 0.0ms)


Started POST "/tasks" for 127.0.0.1 at 2017-05-16 15:05:00 -0400
Processing by TasksController#create as HTML
  Parameters: {"utf8"=>"✓", "authenticity_token"=>"fJGw06eaIcAPGaqlPLUlQUCXbJZoCTWN2OLB3sGk8W/sVnKUr72ukREQbTF1EBem3na40j3JvUG7E2wjyQJkpw==", "task"=>{"description"=>"This is a new task", "completed"=>"0"}, "commit"=>"Create Task"}
  [1m[35m (0.1ms)[0m  [1m[36mbegin transaction[0m
  [1m[35mSQL (0.3ms)[0m  [1m[32mINSERT INTO "tasks" ("description", "completed", "created_at", "updated_at") VALUES (?, ?, ?, ?)[0m  [["description", "This is a new task"], ["completed", "f"], ["created_at", "2017-05-16 19:05:00.853189"], ["updated_at", "2017-05-16 19:05:00.853189"]]
  [1m[35m (1.3ms)[0m  [1m[36mcommit transaction[0m
Redirected to http://localhost:3000/tasks/2
Completed 302 Found in 4ms (ActiveRecord: 1.7ms)


Started GET "/tasks/2" for 127.0.0.1 at 2017-05-16 15:05:00 -0400
Processing by TasksController#show as HTML
  Parameters: {"id"=>"2"}
  [1m[36mTask Load (0.1ms)[0m  [1m[34mSELECT  "tasks".* FROM "tasks" WHERE "tasks"."id" = ? LIMIT ?[0m  [["id", 2], ["LIMIT", 1]]
  Rendering tasks/show.html.erb within layouts/application
  Rendered tasks/show.html.erb within layouts/application (0.7ms)
Completed 200 OK in 16ms (Views: 13.7ms | ActiveRecord: 0.1ms)


Started GET "/tasks" for 127.0.0.1 at 2017-05-16 15:05:03 -0400
Processing by TasksController#index as HTML
  Rendering tasks/index.html.erb within layouts/application
  [1m[36mTask Load (0.1ms)[0m  [1m[34mSELECT "tasks".* FROM "tasks"[0m
  Rendered tasks/index.html.erb within layouts/application (1.6ms)
Completed 200 OK in 18ms (Views: 15.5ms | ActiveRecord: 0.1ms)


Started GET "/tasks" for 127.0.0.1 at 2017-05-16 15:07:24 -0400
Processing by TasksController#index as HTML
  Rendering tasks/index.html.erb within layouts/application
  [1m[36mTask Load (0.1ms)[0m  [1m[34mSELECT "tasks".* FROM "tasks"[0m
  Rendered tasks/index.html.erb within layouts/application (1.6ms)
Completed 200 OK in 20ms (Views: 18.1ms | ActiveRecord: 0.1ms)


Started GET "/tasks" for 127.0.0.1 at 2017-05-16 15:08:38 -0400
Processing by TasksController#index as HTML
  Rendering tasks/index.html.erb within layouts/application
  [1m[36mTask Load (0.4ms)[0m  [1m[34mSELECT "tasks".* FROM "tasks"[0m
  Rendered tasks/index.html.erb within layouts/application (2.4ms)
Completed 200 OK in 30ms (Views: 26.8ms | ActiveRecord: 0.4ms)


Started GET "/tasks/2/edit" for 127.0.0.1 at 2017-05-16 15:08:56 -0400
Processing by TasksController#edit as HTML
  Parameters: {"id"=>"2"}
  [1m[36mTask Load (0.2ms)[0m  [1m[34mSELECT  "tasks".* FROM "tasks" WHERE "tasks"."id" = ? LIMIT ?[0m  [["id", 2], ["LIMIT", 1]]
  Rendering tasks/edit.html.erb within layouts/application
  Rendered tasks/_form.html.erb (2.6ms) [cache miss]
  Rendered tasks/edit.html.erb within layouts/application (4.9ms)
Completed 200 OK in 23ms (Views: 19.8ms | ActiveRecord: 0.2ms)


Started PATCH "/tasks/2" for 127.0.0.1 at 2017-05-16 15:08:58 -0400
Processing by TasksController#update as HTML
  Parameters: {"utf8"=>"✓", "authenticity_token"=>"AxQVHV/LAhtYhKALXadSzNSiN4uuKCd6huM0l6Hx+AN1dJNHjD2Dh566plQSe609yiHu2669fFKnGCf+pAzKJA==", "task"=>{"description"=>"This is a new task", "completed"=>"0"}, "commit"=>"Update Task", "id"=>"2"}
  [1m[36mTask Load (0.3ms)[0m  [1m[34mSELECT  "tasks".* FROM "tasks" WHERE "tasks"."id" = ? LIMIT ?[0m  [["id", 2], ["LIMIT", 1]]
  [1m[35m (0.1ms)[0m  [1m[36mbegin transaction[0m
  [1m[35m (0.0ms)[0m  [1m[36mcommit transaction[0m
Redirected to http://localhost:3000/tasks/2
Completed 302 Found in 4ms (ActiveRecord: 0.4ms)


Started GET "/tasks/2" for 127.0.0.1 at 2017-05-16 15:08:58 -0400
Processing by TasksController#show as HTML
  Parameters: {"id"=>"2"}
  [1m[36mTask Load (0.1ms)[0m  [1m[34mSELECT  "tasks".* FROM "tasks" WHERE "tasks"."id" = ? LIMIT ?[0m  [["id", 2], ["LIMIT", 1]]
  Rendering tasks/show.html.erb within layouts/application
  Rendered tasks/show.html.erb within layouts/application (0.7ms)
Completed 200 OK in 19ms (Views: 16.4ms | ActiveRecord: 0.1ms)


Started GET "/tasks" for 127.0.0.1 at 2017-05-16 15:09:02 -0400
Processing by TasksController#index as HTML
  Rendering tasks/index.html.erb within layouts/application
  [1m[36mTask Load (0.3ms)[0m  [1m[34mSELECT "tasks".* FROM "tasks"[0m
  Rendered tasks/index.html.erb within layouts/application (2.6ms)
Completed 200 OK in 23ms (Views: 20.8ms | ActiveRecord: 0.3ms)


Started GET "/tasks" for 127.0.0.1 at 2017-05-16 15:12:37 -0400
Processing by TasksController#index as HTML
  Rendering tasks/index.html.erb within layouts/application
  [1m[36mTask Load (0.2ms)[0m  [1m[34mSELECT "tasks".* FROM "tasks"[0m
  Rendered tasks/index.html.erb within layouts/application (1.7ms)
Completed 200 OK in 20ms (Views: 17.3ms | ActiveRecord: 0.2ms)


Started GET "/tasks" for 127.0.0.1 at 2017-05-16 15:12:53 -0400
  [1m[35m (0.3ms)[0m  [1m[34mSELECT "schema_migrations"."version" FROM "schema_migrations" ORDER BY "schema_migrations"."version" ASC[0m
Processing by TasksController#index as HTML
  Rendering tasks/index.html.erb within layouts/application
  [1m[36mTask Load (0.2ms)[0m  [1m[34mSELECT "tasks".* FROM "tasks"[0m
  Rendered tasks/index.html.erb within layouts/application (11.5ms)
Completed 200 OK in 182ms (Views: 166.2ms | ActiveRecord: 0.9ms)


Started GET "/tasks" for 127.0.0.1 at 2017-05-16 15:13:19 -0400
Processing by TasksController#index as HTML
  Rendering tasks/index.html.erb within layouts/application
  [1m[36mTask Load (0.2ms)[0m  [1m[34mSELECT "tasks".* FROM "tasks"[0m
  Rendered tasks/index.html.erb within layouts/application (3.4ms)
Completed 200 OK in 19ms (Views: 16.7ms | ActiveRecord: 0.4ms)


Started GET "/" for 127.0.0.1 at 2017-05-16 15:58:18 -0400
  [1m[35m (0.3ms)[0m  [1m[34mSELECT "schema_migrations"."version" FROM "schema_migrations" ORDER BY "schema_migrations"."version" ASC[0m
Processing by TasksController#index as HTML
  Rendering tasks/index.html.erb within layouts/application
  [1m[36mTask Load (0.7ms)[0m  [1m[34mSELECT "tasks".* FROM "tasks"[0m
  Rendered tasks/index.html.erb within layouts/application (12.6ms)
Completed 200 OK in 192ms (Views: 176.4ms | ActiveRecord: 1.1ms)


