Started GET "/" for 127.0.0.1 at 2018-01-22 13:23:04 -0500
  
ActiveRecord::PendingMigrationError (

Migrations are pending. To resolve this issue, run:

        bin/rails db:migrate RAILS_ENV=development

):
  
activerecord (5.1.3) lib/active_record/migration.rb:576:in `check_pending!'
activerecord (5.1.3) lib/active_record/migration.rb:553:in `call'
actionpack (5.1.3) lib/action_dispatch/middleware/callbacks.rb:26:in `block in call'
activesupport (5.1.3) lib/active_support/callbacks.rb:97:in `run_callbacks'
actionpack (5.1.3) lib/action_dispatch/middleware/callbacks.rb:24:in `call'
actionpack (5.1.3) lib/action_dispatch/middleware/executor.rb:12:in `call'
actionpack (5.1.3) lib/action_dispatch/middleware/debug_exceptions.rb:59:in `call'
web-console (3.5.1) lib/web_console/middleware.rb:135:in `call_app'
web-console (3.5.1) lib/web_console/middleware.rb:28:in `block in call'
web-console (3.5.1) lib/web_console/middleware.rb:18:in `catch'
web-console (3.5.1) lib/web_console/middleware.rb:18:in `call'
actionpack (5.1.3) lib/action_dispatch/middleware/show_exceptions.rb:31:in `call'
railties (5.1.3) lib/rails/rack/logger.rb:36:in `call_app'
railties (5.1.3) lib/rails/rack/logger.rb:24:in `block in call'
activesupport (5.1.3) lib/active_support/tagged_logging.rb:69:in `block in tagged'
activesupport (5.1.3) lib/active_support/tagged_logging.rb:26:in `tagged'
activesupport (5.1.3) lib/active_support/tagged_logging.rb:69:in `tagged'
railties (5.1.3) lib/rails/rack/logger.rb:24:in `call'
sprockets-rails (3.2.0) lib/sprockets/rails/quiet_assets.rb:13:in `call'
actionpack (5.1.3) lib/action_dispatch/middleware/remote_ip.rb:79:in `call'
actionpack (5.1.3) lib/action_dispatch/middleware/request_id.rb:25:in `call'
rack (2.0.3) lib/rack/method_override.rb:22:in `call'
rack (2.0.3) lib/rack/runtime.rb:22:in `call'
activesupport (5.1.3) lib/active_support/cache/strategy/local_cache_middleware.rb:27:in `call'
actionpack (5.1.3) lib/action_dispatch/middleware/executor.rb:12:in `call'
actionpack (5.1.3) lib/action_dispatch/middleware/static.rb:125:in `call'
rack (2.0.3) lib/rack/sendfile.rb:111:in `call'
railties (5.1.3) lib/rails/engine.rb:522:in `call'
puma (3.10.0) lib/puma/configuration.rb:225:in `call'
puma (3.10.0) lib/puma/server.rb:605:in `handle_request'
puma (3.10.0) lib/puma/server.rb:437:in `process_client'
puma (3.10.0) lib/puma/server.rb:301:in `block in run'
puma (3.10.0) lib/puma/thread_pool.rb:120:in `call'
puma (3.10.0) lib/puma/thread_pool.rb:120:in `block in spawn_thread'
  [1m[35m (0.1ms)[0m  [1m[34mSELECT sqlite_version(*)[0m
  [1m[35m (2.9ms)[0m  [1m[35mCREATE TABLE "schema_migrations" ("version" varchar NOT NULL PRIMARY KEY)[0m
  [1m[35m (0.8ms)[0m  [1m[35mCREATE TABLE "ar_internal_metadata" ("key" varchar NOT NULL PRIMARY KEY, "value" varchar, "created_at" datetime NOT NULL, "updated_at" datetime NOT NULL)[0m
  [1m[35m (0.1ms)[0m  [1m[34mSELECT "schema_migrations"."version" FROM "schema_migrations" ORDER BY "schema_migrations"."version" ASC[0m
Migrating to CreateLists (20170821124223)
  [1m[35m (0.0ms)[0m  [1m[36mbegin transaction[0m
  [1m[35m (0.3ms)[0m  [1m[35mCREATE TABLE "lists" ("id" INTEGER PRIMARY KEY AUTOINCREMENT NOT NULL, "name" varchar, "created_at" datetime NOT NULL, "updated_at" datetime NOT NULL)[0m
  [1m[35mSQL (0.1ms)[0m  [1m[32mINSERT INTO "schema_migrations" ("version") VALUES (?)[0m  [["version", "20170821124223"]]
  [1m[35m (0.8ms)[0m  [1m[36mcommit transaction[0m
Migrating to CreateTasks (20170821160611)
  [1m[35m (0.1ms)[0m  [1m[36mbegin transaction[0m
  [1m[35m (0.3ms)[0m  [1m[35mCREATE TABLE "tasks" ("id" INTEGER PRIMARY KEY AUTOINCREMENT NOT NULL, "description" varchar, "completed" boolean, "created_at" datetime NOT NULL, "updated_at" datetime NOT NULL)[0m
  [1m[35mSQL (0.1ms)[0m  [1m[32mINSERT INTO "schema_migrations" ("version") VALUES (?)[0m  [["version", "20170821160611"]]
  [1m[35m (0.7ms)[0m  [1m[36mcommit transaction[0m
Migrating to AddListIdToTasks (20170821162312)
  [1m[35m (0.1ms)[0m  [1m[36mbegin transaction[0m
  [1m[35m (0.3ms)[0m  [1m[35mALTER TABLE "tasks" ADD "list_id" integer[0m
  [1m[35mSQL (0.1ms)[0m  [1m[32mINSERT INTO "schema_migrations" ("version") VALUES (?)[0m  [["version", "20170821162312"]]
  [1m[35m (0.5ms)[0m  [1m[36mcommit transaction[0m
  [1m[36mActiveRecord::InternalMetadata Load (0.1ms)[0m  [1m[34mSELECT  "ar_internal_metadata".* FROM "ar_internal_metadata" WHERE "ar_internal_metadata"."key" = ? LIMIT ?[0m  [["key", "environment"], ["LIMIT", 1]]
  [1m[35m (0.0ms)[0m  [1m[36mbegin transaction[0m
  [1m[35mSQL (0.2ms)[0m  [1m[32mINSERT INTO "ar_internal_metadata" ("key", "value", "created_at", "updated_at") VALUES (?, ?, ?, ?)[0m  [["key", "environment"], ["value", "development"], ["created_at", "2018-01-22 18:23:29.426780"], ["updated_at", "2018-01-22 18:23:29.426780"]]
  [1m[35m (0.7ms)[0m  [1m[36mcommit transaction[0m
  [1m[35m (0.1ms)[0m  [1m[34mSELECT "schema_migrations"."version" FROM "schema_migrations" ORDER BY "schema_migrations"."version" ASC[0m
Started GET "/" for 127.0.0.1 at 2018-01-22 13:23:35 -0500
  [1m[35m (0.1ms)[0m  [1m[34mSELECT "schema_migrations"."version" FROM "schema_migrations" ORDER BY "schema_migrations"."version" ASC[0m
Processing by ListsController#index as HTML
  Rendering lists/index.html.erb within layouts/application
  [1m[36mList Load (0.3ms)[0m  [1m[34mSELECT "lists".* FROM "lists"[0m
  Rendered lists/index.html.erb within layouts/application (2.7ms)
Completed 200 OK in 300ms (Views: 286.4ms | ActiveRecord: 0.6ms)


Started GET "/lists/new" for 127.0.0.1 at 2018-01-22 13:23:40 -0500
Processing by ListsController#new as HTML
  Rendering lists/new.html.erb within layouts/application
  Rendered lists/new.html.erb within layouts/application (9.3ms)
Completed 200 OK in 33ms (Views: 24.0ms | ActiveRecord: 0.9ms)


Started POST "/lists" for 127.0.0.1 at 2018-01-22 13:23:48 -0500
Processing by ListsController#create as HTML
  Parameters: {"utf8"=>"✓", "authenticity_token"=>"0KMu7giuDRzvdh9kFP7xNdd3o9mKEhS0CG25RhnhiJJ1Fq687Lz9132+JgdsZdT/T9lgXHkkul86RGn6jkcaQA==", "list"=>{"name"=>"Rupert's onboarding"}, "commit"=>"submit"}
  [1m[35m (0.1ms)[0m  [1m[36mbegin transaction[0m
  [1m[35mSQL (0.5ms)[0m  [1m[32mINSERT INTO "lists" ("name", "created_at", "updated_at") VALUES (?, ?, ?)[0m  [["name", "Rupert's onboarding"], ["created_at", "2018-01-22 18:23:48.959054"], ["updated_at", "2018-01-22 18:23:48.959054"]]
  [1m[35m (0.8ms)[0m  [1m[36mcommit transaction[0m
Redirected to http://localhost:3000/lists
Completed 302 Found in 5ms (ActiveRecord: 1.3ms)


Started GET "/lists" for 127.0.0.1 at 2018-01-22 13:23:48 -0500
Processing by ListsController#index as HTML
  Rendering lists/index.html.erb within layouts/application
  [1m[36mList Load (0.1ms)[0m  [1m[34mSELECT "lists".* FROM "lists"[0m
  Rendered lists/index.html.erb within layouts/application (1.9ms)
Completed 200 OK in 15ms (Views: 13.6ms | ActiveRecord: 0.1ms)


Started DELETE "/lists/1" for 127.0.0.1 at 2018-01-22 13:23:51 -0500
Processing by ListsController#destroy as HTML
  Parameters: {"authenticity_token"=>"C+SGfGOruQt9doy15LgjfdD4qhIUk3jr8kEaWQmPANJ7kCceRy9zkSCOpLUtDyligkTubP0g5BW+lMKLOv9izw==", "id"=>"1"}
  [1m[36mList Load (0.2ms)[0m  [1m[34mSELECT  "lists".* FROM "lists" WHERE "lists"."id" = ? LIMIT ?[0m  [["id", 1], ["LIMIT", 1]]
  [1m[35m (0.0ms)[0m  [1m[36mbegin transaction[0m
  [1m[35mSQL (0.2ms)[0m  [1m[31mDELETE FROM "lists" WHERE "lists"."id" = ?[0m  [["id", 1]]
  [1m[35m (5.9ms)[0m  [1m[36mcommit transaction[0m
Redirected to http://localhost:3000/lists
Completed 302 Found in 12ms (ActiveRecord: 6.3ms)


Started GET "/lists" for 127.0.0.1 at 2018-01-22 13:23:51 -0500
Processing by ListsController#index as HTML
  Rendering lists/index.html.erb within layouts/application
  [1m[36mList Load (0.1ms)[0m  [1m[34mSELECT "lists".* FROM "lists"[0m
  Rendered lists/index.html.erb within layouts/application (0.9ms)
Completed 200 OK in 14ms (Views: 11.7ms | ActiveRecord: 0.1ms)


Started GET "/lists/new" for 127.0.0.1 at 2018-01-22 13:23:52 -0500
Processing by ListsController#new as HTML
  Rendering lists/new.html.erb within layouts/application
  Rendered lists/new.html.erb within layouts/application (1.7ms)
Completed 200 OK in 17ms (Views: 15.1ms | ActiveRecord: 0.0ms)


Started POST "/lists" for 127.0.0.1 at 2018-01-22 13:24:00 -0500
Processing by ListsController#create as HTML
  Parameters: {"utf8"=>"✓", "authenticity_token"=>"wuU5VYNiFrKPHdf+8ULJbPQDbcY27R8bSL4ABQTeH0ZnULkHZ3DmeR3V7p2J2eymbK2uQ8XbsfB6l9C5k3iNlA==", "list"=>{"name"=>"Rupert's Onboarding"}, "commit"=>"submit"}
  [1m[35m (0.1ms)[0m  [1m[36mbegin transaction[0m
  [1m[35mSQL (0.3ms)[0m  [1m[32mINSERT INTO "lists" ("name", "created_at", "updated_at") VALUES (?, ?, ?)[0m  [["name", "Rupert's Onboarding"], ["created_at", "2018-01-22 18:24:00.415274"], ["updated_at", "2018-01-22 18:24:00.415274"]]
  [1m[35m (0.6ms)[0m  [1m[36mcommit transaction[0m
Redirected to http://localhost:3000/lists
Completed 302 Found in 3ms (ActiveRecord: 0.9ms)


Started GET "/lists" for 127.0.0.1 at 2018-01-22 13:24:00 -0500
Processing by ListsController#index as HTML
  Rendering lists/index.html.erb within layouts/application
  [1m[36mList Load (0.1ms)[0m  [1m[34mSELECT "lists".* FROM "lists"[0m
  Rendered lists/index.html.erb within layouts/application (1.2ms)
Completed 200 OK in 15ms (Views: 13.3ms | ActiveRecord: 0.1ms)


Started GET "/lists/2" for 127.0.0.1 at 2018-01-22 13:24:01 -0500
Processing by ListsController#show as HTML
  Parameters: {"id"=>"2"}
  [1m[36mList Load (0.1ms)[0m  [1m[34mSELECT  "lists".* FROM "lists" WHERE "lists"."id" = ? LIMIT ?[0m  [["id", 2], ["LIMIT", 1]]
  Rendering lists/show.html.erb within layouts/application
  [1m[36mTask Load (0.1ms)[0m  [1m[34mSELECT "tasks".* FROM "tasks" WHERE "tasks"."list_id" = ?[0m  [["list_id", 2]]
  Rendered collection of templates [0 times] (0.0ms)
  Rendered lists/show.html.erb within layouts/application (6.9ms)
Completed 200 OK in 56ms (Views: 37.1ms | ActiveRecord: 0.7ms)


Started POST "/lists/2/tasks" for 127.0.0.1 at 2018-01-22 13:24:07 -0500
Processing by TasksController#create as HTML
  Parameters: {"utf8"=>"✓", "authenticity_token"=>"FYkPWRLi0YuozmEuoZR58xyxVr0mkEibL+Qef9Hem1qh3o8lp8x7Z+VoFmZGto/Co4kuI2KhtRxpW2WrAYaW2g==", "task"=>{"description"=>"First task"}, "commit"=>"submit", "list_id"=>"2"}
  [1m[36mList Load (0.1ms)[0m  [1m[34mSELECT  "lists".* FROM "lists" WHERE "lists"."id" = ? LIMIT ?[0m  [["id", 2], ["LIMIT", 1]]
  [1m[35m (0.1ms)[0m  [1m[36mbegin transaction[0m
  [1m[35mSQL (0.3ms)[0m  [1m[32mINSERT INTO "tasks" ("description", "completed", "created_at", "updated_at", "list_id") VALUES (?, ?, ?, ?, ?)[0m  [["description", "First task"], ["completed", "f"], ["created_at", "2018-01-22 18:24:07.865375"], ["updated_at", "2018-01-22 18:24:07.865375"], ["list_id", 2]]
  [1m[35m (0.7ms)[0m  [1m[36mcommit transaction[0m
Redirected to http://localhost:3000/lists/2
Completed 302 Found in 10ms (ActiveRecord: 1.1ms)


Started GET "/lists/2" for 127.0.0.1 at 2018-01-22 13:24:07 -0500
Processing by ListsController#show as HTML
  Parameters: {"id"=>"2"}
  [1m[36mList Load (0.1ms)[0m  [1m[34mSELECT  "lists".* FROM "lists" WHERE "lists"."id" = ? LIMIT ?[0m  [["id", 2], ["LIMIT", 1]]
  Rendering lists/show.html.erb within layouts/application
  [1m[36mTask Load (0.1ms)[0m  [1m[34mSELECT "tasks".* FROM "tasks" WHERE "tasks"."list_id" = ?[0m  [["list_id", 2]]
  Rendered collection of tasks/_task.html.erb [1 times] (0.7ms)
  Rendered lists/show.html.erb within layouts/application (5.0ms)
Completed 200 OK in 21ms (Views: 19.4ms | ActiveRecord: 0.2ms)


Started POST "/lists/2/tasks" for 127.0.0.1 at 2018-01-22 13:24:15 -0500
Processing by TasksController#create as HTML
  Parameters: {"utf8"=>"✓", "authenticity_token"=>"HR0d/N4Vfs1iZSdu+OxyoqENjqzDek7vsJyRymEFlA5tabye+pG0Vz+dD24xW3i987HK0irJ0hH8SUkYUnX2Ew==", "task"=>{"description"=>"Second Task"}, "commit"=>"submit", "list_id"=>"2"}
  [1m[36mList Load (0.1ms)[0m  [1m[34mSELECT  "lists".* FROM "lists" WHERE "lists"."id" = ? LIMIT ?[0m  [["id", 2], ["LIMIT", 1]]
  [1m[35m (0.1ms)[0m  [1m[36mbegin transaction[0m
  [1m[35mSQL (0.3ms)[0m  [1m[32mINSERT INTO "tasks" ("description", "completed", "created_at", "updated_at", "list_id") VALUES (?, ?, ?, ?, ?)[0m  [["description", "Second Task"], ["completed", "f"], ["created_at", "2018-01-22 18:24:15.582374"], ["updated_at", "2018-01-22 18:24:15.582374"], ["list_id", 2]]
  [1m[35m (0.7ms)[0m  [1m[36mcommit transaction[0m
Redirected to http://localhost:3000/lists/2
Completed 302 Found in 5ms (ActiveRecord: 1.2ms)


Started GET "/lists/2" for 127.0.0.1 at 2018-01-22 13:24:15 -0500
Processing by ListsController#show as HTML
  Parameters: {"id"=>"2"}
  [1m[36mList Load (0.4ms)[0m  [1m[34mSELECT  "lists".* FROM "lists" WHERE "lists"."id" = ? LIMIT ?[0m  [["id", 2], ["LIMIT", 1]]
  Rendering lists/show.html.erb within layouts/application
  [1m[36mTask Load (0.2ms)[0m  [1m[34mSELECT "tasks".* FROM "tasks" WHERE "tasks"."list_id" = ?[0m  [["list_id", 2]]
  Rendered collection of tasks/_task.html.erb [2 times] (1.4ms)
  Rendered lists/show.html.erb within layouts/application (5.9ms)
Completed 200 OK in 23ms (Views: 20.7ms | ActiveRecord: 0.6ms)


Started PUT "/lists/2/tasks/1" for 127.0.0.1 at 2018-01-22 13:24:18 -0500
Processing by TasksController#update as HTML
  Parameters: {"authenticity_token"=>"+RhcFqNHR+hkyyMuXxrp/5qoFBVuOHuQCD8fW724kguJbP10h8ONcjkzCy6WrePgyBRQa4eL525E6seJjsjwFg==", "list_id"=>"2", "id"=>"1"}
  [1m[36mTask Load (0.2ms)[0m  [1m[34mSELECT  "tasks".* FROM "tasks" WHERE "tasks"."id" = ? LIMIT ?[0m  [["id", 1], ["LIMIT", 1]]
  [1m[35m (0.0ms)[0m  [1m[36mbegin transaction[0m
  [1m[36mList Load (0.1ms)[0m  [1m[34mSELECT  "lists".* FROM "lists" WHERE "lists"."id" = ? LIMIT ?[0m  [["id", 2], ["LIMIT", 1]]
  [1m[35mSQL (0.3ms)[0m  [1m[33mUPDATE "tasks" SET "completed" = ?, "updated_at" = ? WHERE "tasks"."id" = ?[0m  [["completed", "t"], ["updated_at", "2018-01-22 18:24:18.362701"], ["id", 1]]
  [1m[35m (2.5ms)[0m  [1m[36mcommit transaction[0m
Redirected to http://localhost:3000/lists/2
Completed 302 Found in 9ms (ActiveRecord: 3.1ms)


Started GET "/lists/2" for 127.0.0.1 at 2018-01-22 13:24:18 -0500
Processing by ListsController#show as HTML
  Parameters: {"id"=>"2"}
  [1m[36mList Load (0.1ms)[0m  [1m[34mSELECT  "lists".* FROM "lists" WHERE "lists"."id" = ? LIMIT ?[0m  [["id", 2], ["LIMIT", 1]]
  Rendering lists/show.html.erb within layouts/application
  [1m[36mTask Load (0.1ms)[0m  [1m[34mSELECT "tasks".* FROM "tasks" WHERE "tasks"."list_id" = ?[0m  [["list_id", 2]]
  Rendered collection of tasks/_task.html.erb [2 times] (0.9ms)
  Rendered lists/show.html.erb within layouts/application (4.5ms)
Completed 200 OK in 20ms (Views: 18.3ms | ActiveRecord: 0.2ms)


Started PUT "/lists/2/tasks/1" for 127.0.0.1 at 2018-01-22 13:24:19 -0500
Processing by TasksController#update as HTML
  Parameters: {"authenticity_token"=>"vXZAjX0MR4fTFYLeZBrhrboZaLeYYEEaIffG/ginK1/NAuHvWYiNHY7tqt6treuy6KUsyXHT3eRtIh4sO9dJQg==", "list_id"=>"2", "id"=>"1"}
  [1m[36mTask Load (0.1ms)[0m  [1m[34mSELECT  "tasks".* FROM "tasks" WHERE "tasks"."id" = ? LIMIT ?[0m  [["id", 1], ["LIMIT", 1]]
  [1m[35m (0.1ms)[0m  [1m[36mbegin transaction[0m
  [1m[36mList Load (0.1ms)[0m  [1m[34mSELECT  "lists".* FROM "lists" WHERE "lists"."id" = ? LIMIT ?[0m  [["id", 2], ["LIMIT", 1]]
  [1m[35mSQL (0.2ms)[0m  [1m[33mUPDATE "tasks" SET "completed" = ?, "updated_at" = ? WHERE "tasks"."id" = ?[0m  [["completed", "f"], ["updated_at", "2018-01-22 18:24:19.667677"], ["id", 1]]
  [1m[35m (6.3ms)[0m  [1m[36mcommit transaction[0m
Redirected to http://localhost:3000/lists/2
Completed 302 Found in 11ms (ActiveRecord: 6.8ms)


Started GET "/lists/2" for 127.0.0.1 at 2018-01-22 13:24:19 -0500
Processing by ListsController#show as HTML
  Parameters: {"id"=>"2"}
  [1m[36mList Load (0.1ms)[0m  [1m[34mSELECT  "lists".* FROM "lists" WHERE "lists"."id" = ? LIMIT ?[0m  [["id", 2], ["LIMIT", 1]]
  Rendering lists/show.html.erb within layouts/application
  [1m[36mTask Load (0.1ms)[0m  [1m[34mSELECT "tasks".* FROM "tasks" WHERE "tasks"."list_id" = ?[0m  [["list_id", 2]]
  Rendered collection of tasks/_task.html.erb [2 times] (1.3ms)
  Rendered lists/show.html.erb within layouts/application (6.1ms)
Completed 200 OK in 29ms (Views: 26.4ms | ActiveRecord: 0.2ms)


Started PUT "/lists/2/tasks/1" for 127.0.0.1 at 2018-01-22 13:24:20 -0500
Processing by TasksController#update as HTML
  Parameters: {"authenticity_token"=>"IVS15D5FjEN4WpgRq6hOSSdPwtUyEzHqoinjjatgBk5RIBSGGsFG2SWisBFiH0RWdfOGq9ugrRTu/DtfmBBkUw==", "list_id"=>"2", "id"=>"1"}
  [1m[36mTask Load (0.1ms)[0m  [1m[34mSELECT  "tasks".* FROM "tasks" WHERE "tasks"."id" = ? LIMIT ?[0m  [["id", 1], ["LIMIT", 1]]
  [1m[35m (0.1ms)[0m  [1m[36mbegin transaction[0m
  [1m[36mList Load (0.1ms)[0m  [1m[34mSELECT  "lists".* FROM "lists" WHERE "lists"."id" = ? LIMIT ?[0m  [["id", 2], ["LIMIT", 1]]
  [1m[35mSQL (0.2ms)[0m  [1m[33mUPDATE "tasks" SET "completed" = ?, "updated_at" = ? WHERE "tasks"."id" = ?[0m  [["completed", "t"], ["updated_at", "2018-01-22 18:24:20.382074"], ["id", 1]]
  [1m[35m (0.6ms)[0m  [1m[36mcommit transaction[0m
Redirected to http://localhost:3000/lists/2
Completed 302 Found in 5ms (ActiveRecord: 1.1ms)


Started GET "/lists/2" for 127.0.0.1 at 2018-01-22 13:24:20 -0500
Processing by ListsController#show as HTML
  Parameters: {"id"=>"2"}
  [1m[36mList Load (0.1ms)[0m  [1m[34mSELECT  "lists".* FROM "lists" WHERE "lists"."id" = ? LIMIT ?[0m  [["id", 2], ["LIMIT", 1]]
  Rendering lists/show.html.erb within layouts/application
  [1m[36mTask Load (0.1ms)[0m  [1m[34mSELECT "tasks".* FROM "tasks" WHERE "tasks"."list_id" = ?[0m  [["list_id", 2]]
  Rendered collection of tasks/_task.html.erb [2 times] (1.0ms)
  Rendered lists/show.html.erb within layouts/application (5.0ms)
Completed 200 OK in 20ms (Views: 18.0ms | ActiveRecord: 0.2ms)


Started PUT "/lists/2/tasks/1" for 127.0.0.1 at 2018-01-22 13:24:20 -0500
Processing by TasksController#update as HTML
  Parameters: {"authenticity_token"=>"jZ6JCTRxANSevYYEHYh6lhhMU23LNLM7/tOdMMR4uTb96ihrEPXKTsNFrgTUP3CJSvAXEyKHL8WyBkXi9wjbKw==", "list_id"=>"2", "id"=>"1"}
  [1m[36mTask Load (0.1ms)[0m  [1m[34mSELECT  "tasks".* FROM "tasks" WHERE "tasks"."id" = ? LIMIT ?[0m  [["id", 1], ["LIMIT", 1]]
  [1m[35m (0.1ms)[0m  [1m[36mbegin transaction[0m
  [1m[36mList Load (0.1ms)[0m  [1m[34mSELECT  "lists".* FROM "lists" WHERE "lists"."id" = ? LIMIT ?[0m  [["id", 2], ["LIMIT", 1]]
  [1m[35mSQL (0.2ms)[0m  [1m[33mUPDATE "tasks" SET "completed" = ?, "updated_at" = ? WHERE "tasks"."id" = ?[0m  [["completed", "f"], ["updated_at", "2018-01-22 18:24:20.940152"], ["id", 1]]
  [1m[35m (6.2ms)[0m  [1m[36mcommit transaction[0m
Redirected to http://localhost:3000/lists/2
Completed 302 Found in 11ms (ActiveRecord: 6.7ms)


Started GET "/lists/2" for 127.0.0.1 at 2018-01-22 13:24:20 -0500
Processing by ListsController#show as HTML
  Parameters: {"id"=>"2"}
  [1m[36mList Load (0.1ms)[0m  [1m[34mSELECT  "lists".* FROM "lists" WHERE "lists"."id" = ? LIMIT ?[0m  [["id", 2], ["LIMIT", 1]]
  Rendering lists/show.html.erb within layouts/application
  [1m[36mTask Load (0.1ms)[0m  [1m[34mSELECT "tasks".* FROM "tasks" WHERE "tasks"."list_id" = ?[0m  [["list_id", 2]]
  Rendered collection of tasks/_task.html.erb [2 times] (0.9ms)
  Rendered lists/show.html.erb within layouts/application (4.7ms)
Completed 200 OK in 24ms (Views: 22.1ms | ActiveRecord: 0.2ms)


Started GET "/lists" for 127.0.0.1 at 2018-01-22 13:24:22 -0500
Processing by ListsController#index as HTML
  Rendering lists/index.html.erb within layouts/application
  [1m[36mList Load (0.1ms)[0m  [1m[34mSELECT "lists".* FROM "lists"[0m
  Rendered lists/index.html.erb within layouts/application (1.5ms)
Completed 200 OK in 21ms (Views: 19.0ms | ActiveRecord: 0.1ms)


Started GET "/lists/new" for 127.0.0.1 at 2018-01-22 13:24:24 -0500
Processing by ListsController#new as HTML
  Rendering lists/new.html.erb within layouts/application
  Rendered lists/new.html.erb within layouts/application (2.5ms)
Completed 200 OK in 32ms (Views: 29.5ms | ActiveRecord: 0.0ms)


Started POST "/lists" for 127.0.0.1 at 2018-01-22 13:27:21 -0500
Processing by ListsController#create as HTML
  Parameters: {"utf8"=>"✓", "authenticity_token"=>"RGRTve+Ax2RA3zMpGzqhaozBN5JkDrK19tOtKI6R1qLh0dPvC5I3r9IXCkpjoYSgFG/0F5c4HF7E+n2UGTdEcA==", "list"=>{"name"=>"Rupert's Other List"}, "commit"=>"submit"}
  [1m[35m (0.1ms)[0m  [1m[36mbegin transaction[0m
  [1m[35mSQL (0.3ms)[0m  [1m[32mINSERT INTO "lists" ("name", "created_at", "updated_at") VALUES (?, ?, ?)[0m  [["name", "Rupert's Other List"], ["created_at", "2018-01-22 18:27:21.647909"], ["updated_at", "2018-01-22 18:27:21.647909"]]
  [1m[35m (1.0ms)[0m  [1m[36mcommit transaction[0m
Redirected to http://localhost:3000/lists
Completed 302 Found in 4ms (ActiveRecord: 1.4ms)


Started GET "/lists" for 127.0.0.1 at 2018-01-22 13:27:21 -0500
Processing by ListsController#index as HTML
  Rendering lists/index.html.erb within layouts/application
  [1m[36mList Load (0.1ms)[0m  [1m[34mSELECT "lists".* FROM "lists"[0m
  Rendered lists/index.html.erb within layouts/application (1.3ms)
Completed 200 OK in 15ms (Views: 13.4ms | ActiveRecord: 0.1ms)


Started GET "/lists/3" for 127.0.0.1 at 2018-01-22 13:27:40 -0500
Processing by ListsController#show as HTML
  Parameters: {"id"=>"3"}
  [1m[36mList Load (0.1ms)[0m  [1m[34mSELECT  "lists".* FROM "lists" WHERE "lists"."id" = ? LIMIT ?[0m  [["id", 3], ["LIMIT", 1]]
  Rendering lists/show.html.erb within layouts/application
  [1m[36mTask Load (0.1ms)[0m  [1m[34mSELECT "tasks".* FROM "tasks" WHERE "tasks"."list_id" = ?[0m  [["list_id", 3]]
  Rendered collection of templates [0 times] (0.0ms)
  Rendered lists/show.html.erb within layouts/application (3.6ms)
Completed 200 OK in 20ms (Views: 15.9ms | ActiveRecord: 0.2ms)


Started POST "/lists/3/tasks" for 127.0.0.1 at 2018-01-22 13:27:47 -0500
Processing by TasksController#create as HTML
  Parameters: {"utf8"=>"✓", "authenticity_token"=>"seJuHQGX+USvlFbnfyZqD9aNim9vrw2+2v5GOhdiCgXv1Vnk4bRSWsw+LN7yhhyv5LbXam7YTdk6KTrWTc7Zlg==", "task"=>{"description"=>"Here we are"}, "commit"=>"submit", "list_id"=>"3"}
  [1m[36mList Load (0.1ms)[0m  [1m[34mSELECT  "lists".* FROM "lists" WHERE "lists"."id" = ? LIMIT ?[0m  [["id", 3], ["LIMIT", 1]]
  [1m[35m (0.0ms)[0m  [1m[36mbegin transaction[0m
  [1m[35mSQL (0.3ms)[0m  [1m[32mINSERT INTO "tasks" ("description", "completed", "created_at", "updated_at", "list_id") VALUES (?, ?, ?, ?, ?)[0m  [["description", "Here we are"], ["completed", "f"], ["created_at", "2018-01-22 18:27:47.529867"], ["updated_at", "2018-01-22 18:27:47.529867"], ["list_id", 3]]
  [1m[35m (0.6ms)[0m  [1m[36mcommit transaction[0m
Redirected to http://localhost:3000/lists/3
Completed 302 Found in 4ms (ActiveRecord: 1.1ms)


Started GET "/lists/3" for 127.0.0.1 at 2018-01-22 13:27:47 -0500
Processing by ListsController#show as HTML
  Parameters: {"id"=>"3"}
  [1m[36mList Load (0.2ms)[0m  [1m[34mSELECT  "lists".* FROM "lists" WHERE "lists"."id" = ? LIMIT ?[0m  [["id", 3], ["LIMIT", 1]]
  Rendering lists/show.html.erb within layouts/application
  [1m[36mTask Load (0.1ms)[0m  [1m[34mSELECT "tasks".* FROM "tasks" WHERE "tasks"."list_id" = ?[0m  [["list_id", 3]]
  Rendered collection of tasks/_task.html.erb [1 times] (0.6ms)
  Rendered lists/show.html.erb within layouts/application (4.1ms)
Completed 200 OK in 18ms (Views: 15.3ms | ActiveRecord: 0.3ms)


Started PUT "/lists/3/tasks/3" for 127.0.0.1 at 2018-01-22 13:27:49 -0500
Processing by TasksController#update as HTML
  Parameters: {"authenticity_token"=>"HmFjQqY7JcQEACi7X7jqDTVF9BY3QglcLiGT0IdfaoduFcIggr/vXln4ALuWD+ASZ/mwaN7xlaJi9EsCtC8Img==", "list_id"=>"3", "id"=>"3"}
  [1m[36mTask Load (0.1ms)[0m  [1m[34mSELECT  "tasks".* FROM "tasks" WHERE "tasks"."id" = ? LIMIT ?[0m  [["id", 3], ["LIMIT", 1]]
  [1m[35m (0.0ms)[0m  [1m[36mbegin transaction[0m
  [1m[36mList Load (0.1ms)[0m  [1m[34mSELECT  "lists".* FROM "lists" WHERE "lists"."id" = ? LIMIT ?[0m  [["id", 3], ["LIMIT", 1]]
  [1m[35mSQL (0.2ms)[0m  [1m[33mUPDATE "tasks" SET "completed" = ?, "updated_at" = ? WHERE "tasks"."id" = ?[0m  [["completed", "t"], ["updated_at", "2018-01-22 18:27:49.603404"], ["id", 3]]
  [1m[35m (0.6ms)[0m  [1m[36mcommit transaction[0m
Redirected to http://localhost:3000/lists/3
Completed 302 Found in 4ms (ActiveRecord: 1.0ms)


Started GET "/lists/3" for 127.0.0.1 at 2018-01-22 13:27:49 -0500
Processing by ListsController#show as HTML
  Parameters: {"id"=>"3"}
  [1m[36mList Load (0.1ms)[0m  [1m[34mSELECT  "lists".* FROM "lists" WHERE "lists"."id" = ? LIMIT ?[0m  [["id", 3], ["LIMIT", 1]]
  Rendering lists/show.html.erb within layouts/application
  [1m[36mTask Load (0.1ms)[0m  [1m[34mSELECT "tasks".* FROM "tasks" WHERE "tasks"."list_id" = ?[0m  [["list_id", 3]]
  Rendered collection of tasks/_task.html.erb [1 times] (0.7ms)
  Rendered lists/show.html.erb within layouts/application (3.8ms)
Completed 200 OK in 17ms (Views: 15.0ms | ActiveRecord: 0.2ms)


Started PUT "/lists/3/tasks/3" for 127.0.0.1 at 2018-01-22 13:27:50 -0500
Processing by TasksController#update as HTML
  Parameters: {"authenticity_token"=>"AfOIDoPZJq6JlOON//y559oEzZ1EotBeZ+sG/X7LeKpxhylsp13sNNRsy402S7P4iLiJ460RTKArPt4vTbsatw==", "list_id"=>"3", "id"=>"3"}
  [1m[36mTask Load (0.1ms)[0m  [1m[34mSELECT  "tasks".* FROM "tasks" WHERE "tasks"."id" = ? LIMIT ?[0m  [["id", 3], ["LIMIT", 1]]
  [1m[35m (0.1ms)[0m  [1m[36mbegin transaction[0m
  [1m[36mList Load (0.1ms)[0m  [1m[34mSELECT  "lists".* FROM "lists" WHERE "lists"."id" = ? LIMIT ?[0m  [["id", 3], ["LIMIT", 1]]
  [1m[35mSQL (0.3ms)[0m  [1m[33mUPDATE "tasks" SET "completed" = ?, "updated_at" = ? WHERE "tasks"."id" = ?[0m  [["completed", "f"], ["updated_at", "2018-01-22 18:27:50.215488"], ["id", 3]]
  [1m[35m (6.3ms)[0m  [1m[36mcommit transaction[0m
Redirected to http://localhost:3000/lists/3
Completed 302 Found in 11ms (ActiveRecord: 6.9ms)


Started GET "/lists/3" for 127.0.0.1 at 2018-01-22 13:27:50 -0500
Processing by ListsController#show as HTML
  Parameters: {"id"=>"3"}
  [1m[36mList Load (0.1ms)[0m  [1m[34mSELECT  "lists".* FROM "lists" WHERE "lists"."id" = ? LIMIT ?[0m  [["id", 3], ["LIMIT", 1]]
  Rendering lists/show.html.erb within layouts/application
  [1m[36mTask Load (0.1ms)[0m  [1m[34mSELECT "tasks".* FROM "tasks" WHERE "tasks"."list_id" = ?[0m  [["list_id", 3]]
  Rendered collection of tasks/_task.html.erb [1 times] (0.6ms)
  Rendered lists/show.html.erb within layouts/application (3.6ms)
Completed 200 OK in 17ms (Views: 14.9ms | ActiveRecord: 0.2ms)


Started DELETE "/lists/3/tasks/3" for 127.0.0.1 at 2018-01-22 13:27:51 -0500
Processing by TasksController#destroy as HTML
  Parameters: {"authenticity_token"=>"PilIAs/bxLATLqVK6e1mAGruGld+rqNYp/SZhc8B1aJOXelg618OKk7WjUogWmwfOFJeKZcdP6brIUFX/HG3vw==", "list_id"=>"3", "id"=>"3"}
  [1m[36mTask Load (0.3ms)[0m  [1m[34mSELECT  "tasks".* FROM "tasks" WHERE "tasks"."id" = ? LIMIT ?[0m  [["id", 3], ["LIMIT", 1]]
  [1m[36mList Load (0.1ms)[0m  [1m[34mSELECT  "lists".* FROM "lists" WHERE "lists"."id" = ? LIMIT ?[0m  [["id", 3], ["LIMIT", 1]]
  [1m[35m (0.0ms)[0m  [1m[36mbegin transaction[0m
  [1m[35mSQL (0.2ms)[0m  [1m[31mDELETE FROM "tasks" WHERE "tasks"."id" = ?[0m  [["id", 3]]
  [1m[35m (6.0ms)[0m  [1m[36mcommit transaction[0m
Redirected to http://localhost:3000/lists/3
Completed 302 Found in 10ms (ActiveRecord: 6.7ms)


Started GET "/lists/3" for 127.0.0.1 at 2018-01-22 13:27:51 -0500
Processing by ListsController#show as HTML
  Parameters: {"id"=>"3"}
  [1m[36mList Load (0.1ms)[0m  [1m[34mSELECT  "lists".* FROM "lists" WHERE "lists"."id" = ? LIMIT ?[0m  [["id", 3], ["LIMIT", 1]]
  Rendering lists/show.html.erb within layouts/application
  [1m[36mTask Load (0.1ms)[0m  [1m[34mSELECT "tasks".* FROM "tasks" WHERE "tasks"."list_id" = ?[0m  [["list_id", 3]]
  Rendered collection of templates [0 times] (0.0ms)
  Rendered lists/show.html.erb within layouts/application (2.3ms)
Completed 200 OK in 16ms (Views: 14.1ms | ActiveRecord: 0.2ms)


  [1m[35m (0.1ms)[0m  [1m[34mSELECT "schema_migrations"."version" FROM "schema_migrations" ORDER BY "schema_migrations"."version" ASC[0m
  [1m[35m (0.1ms)[0m  [1m[34mSELECT "ar_internal_metadata"."value" FROM "ar_internal_metadata" WHERE "ar_internal_metadata"."key" = ?[0m  [["key", "environment"]]
  [1m[35m (0.0ms)[0m  [1m[34mSELECT "schema_migrations"."version" FROM "schema_migrations" ORDER BY "schema_migrations"."version" ASC[0m
  [1m[35m (0.0ms)[0m  [1m[34mSELECT "ar_internal_metadata"."value" FROM "ar_internal_metadata" WHERE "ar_internal_metadata"."key" = ?[0m  [["key", "environment"]]
  [1m[35m (0.0ms)[0m  [1m[34mSELECT "schema_migrations"."version" FROM "schema_migrations" ORDER BY "schema_migrations"."version" ASC[0m
  [1m[35m (0.0ms)[0m  [1m[34mSELECT "ar_internal_metadata"."value" FROM "ar_internal_metadata" WHERE "ar_internal_metadata"."key" = ?[0m  [["key", "environment"]]
  [1m[35m (0.1ms)[0m  [1m[34mSELECT sqlite_version(*)[0m
  [1m[35m (7.0ms)[0m  [1m[35mCREATE TABLE "schema_migrations" ("version" varchar NOT NULL PRIMARY KEY)[0m
  [1m[35m (1.5ms)[0m  [1m[35mCREATE TABLE "ar_internal_metadata" ("key" varchar NOT NULL PRIMARY KEY, "value" varchar, "created_at" datetime NOT NULL, "updated_at" datetime NOT NULL)[0m
  [1m[35m (0.1ms)[0m  [1m[34mSELECT "schema_migrations"."version" FROM "schema_migrations" ORDER BY "schema_migrations"."version" ASC[0m
  [1m[35m (0.1ms)[0m  [1m[34mSELECT "schema_migrations"."version" FROM "schema_migrations" ORDER BY "schema_migrations"."version" ASC[0m
Migrating to CreateLists (20170821124223)
  [1m[35m (0.0ms)[0m  [1m[36mbegin transaction[0m
  [1m[35m (0.1ms)[0m  [1m[34mSELECT sqlite_version(*)[0m
  [1m[35m (0.4ms)[0m  [1m[35mCREATE TABLE "lists" ("id" INTEGER PRIMARY KEY AUTOINCREMENT NOT NULL, "name" varchar, "created_at" datetime NOT NULL, "updated_at" datetime NOT NULL)[0m
  [1m[35mSQL (0.1ms)[0m  [1m[32mINSERT INTO "schema_migrations" ("version") VALUES (?)[0m  [["version", "20170821124223"]]
  [1m[35m (6.5ms)[0m  [1m[36mcommit transaction[0m
Migrating to CreateTasks (20170821160611)
  [1m[35m (0.1ms)[0m  [1m[36mbegin transaction[0m
  [1m[35m (0.3ms)[0m  [1m[35mCREATE TABLE "tasks" ("id" INTEGER PRIMARY KEY AUTOINCREMENT NOT NULL, "description" varchar, "completed" boolean, "created_at" datetime NOT NULL, "updated_at" datetime NOT NULL)[0m
  [1m[35mSQL (0.1ms)[0m  [1m[32mINSERT INTO "schema_migrations" ("version") VALUES (?)[0m  [["version", "20170821160611"]]
  [1m[35m (0.9ms)[0m  [1m[36mcommit transaction[0m
Migrating to AddListIdToTasks (20170821162312)
  [1m[35m (0.0ms)[0m  [1m[36mbegin transaction[0m
  [1m[35m (0.4ms)[0m  [1m[35mALTER TABLE "tasks" ADD "list_id" integer[0m
  [1m[35mSQL (0.1ms)[0m  [1m[32mINSERT INTO "schema_migrations" ("version") VALUES (?)[0m  [["version", "20170821162312"]]
  [1m[35m (0.7ms)[0m  [1m[36mcommit transaction[0m
  [1m[36mActiveRecord::InternalMetadata Load (0.1ms)[0m  [1m[34mSELECT  "ar_internal_metadata".* FROM "ar_internal_metadata" WHERE "ar_internal_metadata"."key" = ? LIMIT ?[0m  [["key", "environment"], ["LIMIT", 1]]
  [1m[35m (0.0ms)[0m  [1m[36mbegin transaction[0m
  [1m[35mSQL (0.2ms)[0m  [1m[32mINSERT INTO "ar_internal_metadata" ("key", "value", "created_at", "updated_at") VALUES (?, ?, ?, ?)[0m  [["key", "environment"], ["value", "development"], ["created_at", "2018-01-22 18:34:58.877901"], ["updated_at", "2018-01-22 18:34:58.877901"]]
  [1m[35m (0.8ms)[0m  [1m[36mcommit transaction[0m
  [1m[35m (0.1ms)[0m  [1m[34mSELECT "schema_migrations"."version" FROM "schema_migrations" ORDER BY "schema_migrations"."version" ASC[0m
  [1m[35m (0.2ms)[0m  [1m[34mSELECT "schema_migrations"."version" FROM "schema_migrations" ORDER BY "schema_migrations"."version" ASC[0m
  [1m[35m (0.0ms)[0m  [1m[36mbegin transaction[0m
  [1m[35mSQL (0.4ms)[0m  [1m[32mINSERT INTO "lists" ("name", "created_at", "updated_at") VALUES (?, ?, ?)[0m  [["name", "Onboarding"], ["created_at", "2018-01-22 18:35:03.899139"], ["updated_at", "2018-01-22 18:35:03.899139"]]
  [1m[35m (6.4ms)[0m  [1m[36mcommit transaction[0m
  [1m[35m (0.1ms)[0m  [1m[36mbegin transaction[0m
  [1m[35mSQL (0.3ms)[0m  [1m[32mINSERT INTO "lists" ("name", "created_at", "updated_at") VALUES (?, ?, ?)[0m  [["name", "Other Stuff"], ["created_at", "2018-01-22 18:35:03.907813"], ["updated_at", "2018-01-22 18:35:03.907813"]]
  [1m[35m (1.2ms)[0m  [1m[36mcommit transaction[0m
  [1m[35m (0.0ms)[0m  [1m[36mbegin transaction[0m
  [1m[35mSQL (0.2ms)[0m  [1m[32mINSERT INTO "tasks" ("description", "completed", "created_at", "updated_at", "list_id") VALUES (?, ?, ?, ?, ?)[0m  [["description", "Read Documentation"], ["completed", "f"], ["created_at", "2018-01-22 18:35:03.925608"], ["updated_at", "2018-01-22 18:35:03.925608"], ["list_id", 1]]
  [1m[35m (0.6ms)[0m  [1m[36mcommit transaction[0m
Started GET "/" for 127.0.0.1 at 2018-01-22 13:35:10 -0500
Processing by ListsController#index as HTML
  Rendering lists/index.html.erb within layouts/application
  [1m[36mList Load (0.1ms)[0m  [1m[34mSELECT "lists".* FROM "lists"[0m
  Rendered lists/index.html.erb within layouts/application (5.8ms)
Completed 200 OK in 23ms (Views: 19.5ms | ActiveRecord: 0.8ms)


Started GET "/lists/1" for 127.0.0.1 at 2018-01-22 13:35:14 -0500
Processing by ListsController#show as HTML
  Parameters: {"id"=>"1"}
  [1m[36mList Load (0.3ms)[0m  [1m[34mSELECT  "lists".* FROM "lists" WHERE "lists"."id" = ? LIMIT ?[0m  [["id", 1], ["LIMIT", 1]]
  Rendering lists/show.html.erb within layouts/application
  [1m[36mTask Load (0.2ms)[0m  [1m[34mSELECT "tasks".* FROM "tasks" WHERE "tasks"."list_id" = ?[0m  [["list_id", 1]]
  Rendered collection of tasks/_task.html.erb [1 times] (0.6ms)
  Rendered lists/show.html.erb within layouts/application (6.9ms)
Completed 200 OK in 32ms (Views: 17.5ms | ActiveRecord: 0.9ms)


  [1m[35m (0.1ms)[0m  [1m[34mSELECT "schema_migrations"."version" FROM "schema_migrations" ORDER BY "schema_migrations"."version" ASC[0m
  [1m[35m (0.1ms)[0m  [1m[34mSELECT "ar_internal_metadata"."value" FROM "ar_internal_metadata" WHERE "ar_internal_metadata"."key" = ?[0m  [["key", "environment"]]
  [1m[35m (0.0ms)[0m  [1m[34mSELECT "schema_migrations"."version" FROM "schema_migrations" ORDER BY "schema_migrations"."version" ASC[0m
  [1m[35m (0.0ms)[0m  [1m[34mSELECT "ar_internal_metadata"."value" FROM "ar_internal_metadata" WHERE "ar_internal_metadata"."key" = ?[0m  [["key", "environment"]]
  [1m[35m (0.0ms)[0m  [1m[34mSELECT "schema_migrations"."version" FROM "schema_migrations" ORDER BY "schema_migrations"."version" ASC[0m
  [1m[35m (0.0ms)[0m  [1m[34mSELECT "ar_internal_metadata"."value" FROM "ar_internal_metadata" WHERE "ar_internal_metadata"."key" = ?[0m  [["key", "environment"]]
  [1m[35m (0.1ms)[0m  [1m[35mDROP TABLE IF EXISTS "lists"[0m
  [1m[35m (0.1ms)[0m  [1m[34mSELECT sqlite_version(*)[0m
  [1m[35m (6.6ms)[0m  [1m[35mCREATE TABLE "lists" ("id" INTEGER PRIMARY KEY AUTOINCREMENT NOT NULL, "name" varchar, "created_at" datetime NOT NULL, "updated_at" datetime NOT NULL)[0m
  [1m[35m (0.2ms)[0m  [1m[35mDROP TABLE IF EXISTS "tasks"[0m
  [1m[35m (1.7ms)[0m  [1m[35mCREATE TABLE "tasks" ("id" INTEGER PRIMARY KEY AUTOINCREMENT NOT NULL, "description" varchar, "completed" boolean, "created_at" datetime NOT NULL, "updated_at" datetime NOT NULL, "list_id" integer)[0m
  [1m[35m (1.1ms)[0m  [1m[35mCREATE TABLE "schema_migrations" ("version" varchar NOT NULL PRIMARY KEY)[0m
  [1m[35m (0.1ms)[0m  [1m[34mSELECT "schema_migrations"."version" FROM "schema_migrations" ORDER BY "schema_migrations"."version" ASC[0m
  [1m[35m (0.9ms)[0m  [1m[32mINSERT INTO "schema_migrations" (version) VALUES (20170821162312)[0m
  [1m[35m (0.8ms)[0m  [1m[32mINSERT INTO "schema_migrations" (version) VALUES
(20170821124223),
(20170821160611);

[0m
  [1m[35m (0.7ms)[0m  [1m[35mCREATE TABLE "ar_internal_metadata" ("key" varchar NOT NULL PRIMARY KEY, "value" varchar, "created_at" datetime NOT NULL, "updated_at" datetime NOT NULL)[0m
  [1m[36mActiveRecord::InternalMetadata Load (0.1ms)[0m  [1m[34mSELECT  "ar_internal_metadata".* FROM "ar_internal_metadata" WHERE "ar_internal_metadata"."key" = ? LIMIT ?[0m  [["key", "environment"], ["LIMIT", 1]]
  [1m[35m (0.0ms)[0m  [1m[36mbegin transaction[0m
  [1m[35mSQL (0.2ms)[0m  [1m[32mINSERT INTO "ar_internal_metadata" ("key", "value", "created_at", "updated_at") VALUES (?, ?, ?, ?)[0m  [["key", "environment"], ["value", "development"], ["created_at", "2018-01-22 18:37:00.769833"], ["updated_at", "2018-01-22 18:37:00.769833"]]
  [1m[35m (0.5ms)[0m  [1m[36mcommit transaction[0m
  [1m[36mActiveRecord::InternalMetadata Load (0.1ms)[0m  [1m[34mSELECT  "ar_internal_metadata".* FROM "ar_internal_metadata" WHERE "ar_internal_metadata"."key" = ? LIMIT ?[0m  [["key", "environment"], ["LIMIT", 1]]
  [1m[35m (0.0ms)[0m  [1m[36mbegin transaction[0m
  [1m[35m (0.0ms)[0m  [1m[36mcommit transaction[0m
  [1m[35m (0.1ms)[0m  [1m[35mDROP TABLE IF EXISTS "lists"[0m
  [1m[35m (0.0ms)[0m  [1m[34mSELECT sqlite_version(*)[0m
  [1m[35m (0.7ms)[0m  [1m[35mCREATE TABLE "lists" ("id" INTEGER PRIMARY KEY AUTOINCREMENT NOT NULL, "name" varchar, "created_at" datetime NOT NULL, "updated_at" datetime NOT NULL)[0m
  [1m[35m (0.1ms)[0m  [1m[35mDROP TABLE IF EXISTS "tasks"[0m
  [1m[35m (0.7ms)[0m  [1m[35mCREATE TABLE "tasks" ("id" INTEGER PRIMARY KEY AUTOINCREMENT NOT NULL, "description" varchar, "completed" boolean, "created_at" datetime NOT NULL, "updated_at" datetime NOT NULL, "list_id" integer)[0m
  [1m[35m (0.7ms)[0m  [1m[35mCREATE TABLE "schema_migrations" ("version" varchar NOT NULL PRIMARY KEY)[0m
  [1m[35m (0.1ms)[0m  [1m[34mSELECT "schema_migrations"."version" FROM "schema_migrations" ORDER BY "schema_migrations"."version" ASC[0m
  [1m[35m (0.8ms)[0m  [1m[32mINSERT INTO "schema_migrations" (version) VALUES (20170821162312)[0m
  [1m[35m (1.3ms)[0m  [1m[32mINSERT INTO "schema_migrations" (version) VALUES
(20170821124223),
(20170821160611);

[0m
  [1m[35m (0.8ms)[0m  [1m[35mCREATE TABLE "ar_internal_metadata" ("key" varchar NOT NULL PRIMARY KEY, "value" varchar, "created_at" datetime NOT NULL, "updated_at" datetime NOT NULL)[0m
  [1m[36mActiveRecord::InternalMetadata Load (0.1ms)[0m  [1m[34mSELECT  "ar_internal_metadata".* FROM "ar_internal_metadata" WHERE "ar_internal_metadata"."key" = ? LIMIT ?[0m  [["key", "environment"], ["LIMIT", 1]]
  [1m[35m (0.0ms)[0m  [1m[36mbegin transaction[0m
  [1m[35mSQL (0.2ms)[0m  [1m[32mINSERT INTO "ar_internal_metadata" ("key", "value", "created_at", "updated_at") VALUES (?, ?, ?, ?)[0m  [["key", "environment"], ["value", "development"], ["created_at", "2018-01-22 18:37:00.782711"], ["updated_at", "2018-01-22 18:37:00.782711"]]
  [1m[35m (0.7ms)[0m  [1m[36mcommit transaction[0m
  [1m[36mActiveRecord::InternalMetadata Load (0.1ms)[0m  [1m[34mSELECT  "ar_internal_metadata".* FROM "ar_internal_metadata" WHERE "ar_internal_metadata"."key" = ? LIMIT ?[0m  [["key", "environment"], ["LIMIT", 1]]
  [1m[35m (0.0ms)[0m  [1m[36mbegin transaction[0m
  [1m[35m (0.0ms)[0m  [1m[36mcommit transaction[0m
  [1m[35m (0.1ms)[0m  [1m[34mSELECT "schema_migrations"."version" FROM "schema_migrations" ORDER BY "schema_migrations"."version" ASC[0m
  [1m[35m (0.0ms)[0m  [1m[36mbegin transaction[0m
  [1m[35mSQL (0.2ms)[0m  [1m[32mINSERT INTO "lists" ("name", "created_at", "updated_at") VALUES (?, ?, ?)[0m  [["name", "Onboarding"], ["created_at", "2018-01-22 18:37:00.795325"], ["updated_at", "2018-01-22 18:37:00.795325"]]
  [1m[35m (0.5ms)[0m  [1m[36mcommit transaction[0m
  [1m[35m (0.0ms)[0m  [1m[36mbegin transaction[0m
  [1m[35mSQL (0.2ms)[0m  [1m[32mINSERT INTO "lists" ("name", "created_at", "updated_at") VALUES (?, ?, ?)[0m  [["name", "Other Stuff"], ["created_at", "2018-01-22 18:37:00.797244"], ["updated_at", "2018-01-22 18:37:00.797244"]]
  [1m[35m (0.8ms)[0m  [1m[36mcommit transaction[0m
  [1m[35m (0.0ms)[0m  [1m[36mbegin transaction[0m
  [1m[35mSQL (0.2ms)[0m  [1m[32mINSERT INTO "tasks" ("description", "completed", "created_at", "updated_at", "list_id") VALUES (?, ?, ?, ?, ?)[0m  [["description", "Read Documentation"], ["completed", "f"], ["created_at", "2018-01-22 18:37:00.812070"], ["updated_at", "2018-01-22 18:37:00.812070"], ["list_id", 1]]
  [1m[35m (0.7ms)[0m  [1m[36mcommit transaction[0m
  [1m[35m (0.0ms)[0m  [1m[36mbegin transaction[0m
  [1m[35mSQL (0.2ms)[0m  [1m[32mINSERT INTO "tasks" ("description", "completed", "created_at", "updated_at", "list_id") VALUES (?, ?, ?, ?, ?)[0m  [["description", "Do Tasks App"], ["completed", "t"], ["created_at", "2018-01-22 18:37:00.814242"], ["updated_at", "2018-01-22 18:37:00.814242"], ["list_id", 1]]
  [1m[35m (0.7ms)[0m  [1m[36mcommit transaction[0m
  [1m[35m (0.0ms)[0m  [1m[36mbegin transaction[0m
  [1m[35mSQL (0.2ms)[0m  [1m[32mINSERT INTO "tasks" ("description", "completed", "created_at", "updated_at", "list_id") VALUES (?, ?, ?, ?, ?)[0m  [["description", "Get Code Review"], ["completed", "f"], ["created_at", "2018-01-22 18:37:00.816248"], ["updated_at", "2018-01-22 18:37:00.816248"], ["list_id", 1]]
  [1m[35m (0.5ms)[0m  [1m[36mcommit transaction[0m
  [1m[35m (0.0ms)[0m  [1m[36mbegin transaction[0m
  [1m[35mSQL (0.2ms)[0m  [1m[32mINSERT INTO "tasks" ("description", "completed", "created_at", "updated_at", "list_id") VALUES (?, ?, ?, ?, ?)[0m  [["description", "Learn how to use confluence"], ["completed", "f"], ["created_at", "2018-01-22 18:37:00.818018"], ["updated_at", "2018-01-22 18:37:00.818018"], ["list_id", 2]]
  [1m[35m (0.6ms)[0m  [1m[36mcommit transaction[0m
  [1m[35m (0.0ms)[0m  [1m[36mbegin transaction[0m
  [1m[35mSQL (0.2ms)[0m  [1m[32mINSERT INTO "tasks" ("description", "completed", "created_at", "updated_at", "list_id") VALUES (?, ?, ?, ?, ?)[0m  [["description", "Get a snack"], ["completed", "f"], ["created_at", "2018-01-22 18:37:00.819905"], ["updated_at", "2018-01-22 18:37:00.819905"], ["list_id", 2]]
  [1m[35m (0.6ms)[0m  [1m[36mcommit transaction[0m
Started GET "/lists/1" for 127.0.0.1 at 2018-01-22 13:37:06 -0500
Processing by ListsController#show as HTML
  Parameters: {"id"=>"1"}
  [1m[36mList Load (0.1ms)[0m  [1m[34mSELECT  "lists".* FROM "lists" WHERE "lists"."id" = ? LIMIT ?[0m  [["id", 1], ["LIMIT", 1]]
  Rendering lists/show.html.erb within layouts/application
  [1m[36mTask Load (0.2ms)[0m  [1m[34mSELECT "tasks".* FROM "tasks" WHERE "tasks"."list_id" = ?[0m  [["list_id", 1]]
  Rendered collection of tasks/_task.html.erb [1 times] (0.7ms)
  Rendered lists/show.html.erb within layouts/application (4.6ms)
Completed 200 OK in 19ms (Views: 16.4ms | ActiveRecord: 0.3ms)


Started GET "/" for 127.0.0.1 at 2018-01-22 13:37:09 -0500
Processing by ListsController#index as HTML
  Rendering lists/index.html.erb within layouts/application
  [1m[36mList Load (0.1ms)[0m  [1m[34mSELECT "lists".* FROM "lists"[0m
  Rendered lists/index.html.erb within layouts/application (1.5ms)
Completed 200 OK in 17ms (Views: 14.6ms | ActiveRecord: 0.1ms)


Started GET "/lists/2" for 127.0.0.1 at 2018-01-22 13:37:10 -0500
Processing by ListsController#show as HTML
  Parameters: {"id"=>"2"}
  [1m[36mList Load (0.2ms)[0m  [1m[34mSELECT  "lists".* FROM "lists" WHERE "lists"."id" = ? LIMIT ?[0m  [["id", 2], ["LIMIT", 1]]
  Rendering lists/show.html.erb within layouts/application
  [1m[36mTask Load (0.1ms)[0m  [1m[34mSELECT "tasks".* FROM "tasks" WHERE "tasks"."list_id" = ?[0m  [["list_id", 2]]
  Rendered collection of templates [0 times] (0.0ms)
  Rendered lists/show.html.erb within layouts/application (2.7ms)
Completed 200 OK in 21ms (Views: 16.3ms | ActiveRecord: 0.3ms)


Started GET "/lists/1" for 127.0.0.1 at 2018-01-22 13:37:13 -0500
Processing by ListsController#show as HTML
  Parameters: {"id"=>"1"}
  [1m[36mList Load (1.1ms)[0m  [1m[34mSELECT  "lists".* FROM "lists" WHERE "lists"."id" = ? LIMIT ?[0m  [["id", 1], ["LIMIT", 1]]
  Rendering lists/show.html.erb within layouts/application
  [1m[36mTask Load (0.1ms)[0m  [1m[34mSELECT "tasks".* FROM "tasks" WHERE "tasks"."list_id" = ?[0m  [["list_id", 1]]
  Rendered collection of tasks/_task.html.erb [1 times] (0.8ms)
  Rendered lists/show.html.erb within layouts/application (5.9ms)
Completed 200 OK in 20ms (Views: 17.3ms | ActiveRecord: 1.3ms)


  [1m[35m (0.1ms)[0m  [1m[34mSELECT "schema_migrations"."version" FROM "schema_migrations" ORDER BY "schema_migrations"."version" ASC[0m
  [1m[35m (0.0ms)[0m  [1m[36mbegin transaction[0m
  [1m[35mSQL (0.3ms)[0m  [1m[32mINSERT INTO "lists" ("name", "created_at", "updated_at") VALUES (?, ?, ?)[0m  [["name", "Onboarding"], ["created_at", "2018-01-22 18:37:22.891626"], ["updated_at", "2018-01-22 18:37:22.891626"]]
  [1m[35m (6.1ms)[0m  [1m[36mcommit transaction[0m
  [1m[35m (0.1ms)[0m  [1m[36mbegin transaction[0m
  [1m[35mSQL (0.3ms)[0m  [1m[32mINSERT INTO "lists" ("name", "created_at", "updated_at") VALUES (?, ?, ?)[0m  [["name", "Other Stuff"], ["created_at", "2018-01-22 18:37:22.899702"], ["updated_at", "2018-01-22 18:37:22.899702"]]
  [1m[35m (1.2ms)[0m  [1m[36mcommit transaction[0m
  [1m[35m (0.1ms)[0m  [1m[36mbegin transaction[0m
  [1m[35mSQL (0.3ms)[0m  [1m[32mINSERT INTO "tasks" ("description", "completed", "created_at", "updated_at", "list_id") VALUES (?, ?, ?, ?, ?)[0m  [["description", "Read Documentation"], ["completed", "f"], ["created_at", "2018-01-22 18:37:22.919075"], ["updated_at", "2018-01-22 18:37:22.919075"], ["list_id", 3]]
  [1m[35m (1.1ms)[0m  [1m[36mcommit transaction[0m
  [1m[35m (0.1ms)[0m  [1m[36mbegin transaction[0m
  [1m[35mSQL (0.3ms)[0m  [1m[32mINSERT INTO "tasks" ("description", "completed", "created_at", "updated_at", "list_id") VALUES (?, ?, ?, ?, ?)[0m  [["description", "Do Tasks App"], ["completed", "t"], ["created_at", "2018-01-22 18:37:22.921950"], ["updated_at", "2018-01-22 18:37:22.921950"], ["list_id", 3]]
  [1m[35m (0.8ms)[0m  [1m[36mcommit transaction[0m
  [1m[35m (0.0ms)[0m  [1m[36mbegin transaction[0m
  [1m[35mSQL (0.2ms)[0m  [1m[32mINSERT INTO "tasks" ("description", "completed", "created_at", "updated_at", "list_id") VALUES (?, ?, ?, ?, ?)[0m  [["description", "Get Code Review"], ["completed", "f"], ["created_at", "2018-01-22 18:37:22.924321"], ["updated_at", "2018-01-22 18:37:22.924321"], ["list_id", 3]]
  [1m[35m (1.1ms)[0m  [1m[36mcommit transaction[0m
  [1m[35m (0.1ms)[0m  [1m[36mbegin transaction[0m
  [1m[35mSQL (0.2ms)[0m  [1m[32mINSERT INTO "tasks" ("description", "completed", "created_at", "updated_at", "list_id") VALUES (?, ?, ?, ?, ?)[0m  [["description", "Learn how to use confluence"], ["completed", "f"], ["created_at", "2018-01-22 18:37:22.926998"], ["updated_at", "2018-01-22 18:37:22.926998"], ["list_id", 4]]
  [1m[35m (0.9ms)[0m  [1m[36mcommit transaction[0m
  [1m[35m (0.0ms)[0m  [1m[36mbegin transaction[0m
  [1m[35mSQL (0.2ms)[0m  [1m[32mINSERT INTO "tasks" ("description", "completed", "created_at", "updated_at", "list_id") VALUES (?, ?, ?, ?, ?)[0m  [["description", "Get a snack"], ["completed", "f"], ["created_at", "2018-01-22 18:37:22.929390"], ["updated_at", "2018-01-22 18:37:22.929390"], ["list_id", 4]]
  [1m[35m (0.5ms)[0m  [1m[36mcommit transaction[0m
Started GET "/" for 127.0.0.1 at 2018-01-22 13:37:24 -0500
Processing by ListsController#index as HTML
  Rendering lists/index.html.erb within layouts/application
  [1m[36mList Load (0.2ms)[0m  [1m[34mSELECT "lists".* FROM "lists"[0m
  Rendered lists/index.html.erb within layouts/application (1.2ms)
Completed 200 OK in 16ms (Views: 14.7ms | ActiveRecord: 0.2ms)


Started GET "/lists/1" for 127.0.0.1 at 2018-01-22 13:37:26 -0500
Processing by ListsController#show as HTML
  Parameters: {"id"=>"1"}
  [1m[36mList Load (0.2ms)[0m  [1m[34mSELECT  "lists".* FROM "lists" WHERE "lists"."id" = ? LIMIT ?[0m  [["id", 1], ["LIMIT", 1]]
  Rendering lists/show.html.erb within layouts/application
  [1m[36mTask Load (0.1ms)[0m  [1m[34mSELECT "tasks".* FROM "tasks" WHERE "tasks"."list_id" = ?[0m  [["list_id", 1]]
  Rendered collection of tasks/_task.html.erb [1 times] (0.7ms)
  Rendered lists/show.html.erb within layouts/application (4.6ms)
Completed 200 OK in 24ms (Views: 19.1ms | ActiveRecord: 0.3ms)


  [1m[35m (0.1ms)[0m  [1m[34mSELECT "schema_migrations"."version" FROM "schema_migrations" ORDER BY "schema_migrations"."version" ASC[0m
  [1m[35m (0.1ms)[0m  [1m[34mSELECT "ar_internal_metadata"."value" FROM "ar_internal_metadata" WHERE "ar_internal_metadata"."key" = ?[0m  [["key", "environment"]]
  [1m[35m (0.0ms)[0m  [1m[34mSELECT "schema_migrations"."version" FROM "schema_migrations" ORDER BY "schema_migrations"."version" ASC[0m
  [1m[35m (0.0ms)[0m  [1m[34mSELECT "ar_internal_metadata"."value" FROM "ar_internal_metadata" WHERE "ar_internal_metadata"."key" = ?[0m  [["key", "environment"]]
  [1m[35m (0.0ms)[0m  [1m[34mSELECT "schema_migrations"."version" FROM "schema_migrations" ORDER BY "schema_migrations"."version" ASC[0m
  [1m[35m (0.0ms)[0m  [1m[34mSELECT "ar_internal_metadata"."value" FROM "ar_internal_metadata" WHERE "ar_internal_metadata"."key" = ?[0m  [["key", "environment"]]
  [1m[35m (0.1ms)[0m  [1m[34mSELECT sqlite_version(*)[0m
  [1m[35m (6.5ms)[0m  [1m[35mCREATE TABLE "schema_migrations" ("version" varchar NOT NULL PRIMARY KEY)[0m
  [1m[35m (0.9ms)[0m  [1m[35mCREATE TABLE "ar_internal_metadata" ("key" varchar NOT NULL PRIMARY KEY, "value" varchar, "created_at" datetime NOT NULL, "updated_at" datetime NOT NULL)[0m
  [1m[35m (0.1ms)[0m  [1m[34mSELECT "schema_migrations"."version" FROM "schema_migrations" ORDER BY "schema_migrations"."version" ASC[0m
Migrating to CreateLists (20170821124223)
  [1m[35m (0.0ms)[0m  [1m[36mbegin transaction[0m
  [1m[35m (0.3ms)[0m  [1m[35mCREATE TABLE "lists" ("id" INTEGER PRIMARY KEY AUTOINCREMENT NOT NULL, "name" varchar, "created_at" datetime NOT NULL, "updated_at" datetime NOT NULL)[0m
  [1m[35mSQL (0.1ms)[0m  [1m[32mINSERT INTO "schema_migrations" ("version") VALUES (?)[0m  [["version", "20170821124223"]]
  [1m[35m (0.7ms)[0m  [1m[36mcommit transaction[0m
Migrating to CreateTasks (20170821160611)
  [1m[35m (0.0ms)[0m  [1m[36mbegin transaction[0m
  [1m[35m (0.3ms)[0m  [1m[35mCREATE TABLE "tasks" ("id" INTEGER PRIMARY KEY AUTOINCREMENT NOT NULL, "description" varchar, "completed" boolean, "created_at" datetime NOT NULL, "updated_at" datetime NOT NULL)[0m
  [1m[35mSQL (0.1ms)[0m  [1m[32mINSERT INTO "schema_migrations" ("version") VALUES (?)[0m  [["version", "20170821160611"]]
  [1m[35m (0.6ms)[0m  [1m[36mcommit transaction[0m
Migrating to AddListIdToTasks (20170821162312)
  [1m[35m (0.0ms)[0m  [1m[36mbegin transaction[0m
  [1m[35m (0.3ms)[0m  [1m[35mALTER TABLE "tasks" ADD "list_id" integer[0m
  [1m[35mSQL (0.1ms)[0m  [1m[32mINSERT INTO "schema_migrations" ("version") VALUES (?)[0m  [["version", "20170821162312"]]
  [1m[35m (0.6ms)[0m  [1m[36mcommit transaction[0m
  [1m[36mActiveRecord::InternalMetadata Load (0.1ms)[0m  [1m[34mSELECT  "ar_internal_metadata".* FROM "ar_internal_metadata" WHERE "ar_internal_metadata"."key" = ? LIMIT ?[0m  [["key", "environment"], ["LIMIT", 1]]
  [1m[35m (0.0ms)[0m  [1m[36mbegin transaction[0m
  [1m[35mSQL (0.2ms)[0m  [1m[32mINSERT INTO "ar_internal_metadata" ("key", "value", "created_at", "updated_at") VALUES (?, ?, ?, ?)[0m  [["key", "environment"], ["value", "development"], ["created_at", "2018-01-22 18:37:42.882642"], ["updated_at", "2018-01-22 18:37:42.882642"]]
  [1m[35m (0.7ms)[0m  [1m[36mcommit transaction[0m
  [1m[35m (0.1ms)[0m  [1m[34mSELECT "schema_migrations"."version" FROM "schema_migrations" ORDER BY "schema_migrations"."version" ASC[0m
  [1m[35m (0.1ms)[0m  [1m[34mSELECT "schema_migrations"."version" FROM "schema_migrations" ORDER BY "schema_migrations"."version" ASC[0m
  [1m[35m (0.0ms)[0m  [1m[36mbegin transaction[0m
  [1m[35mSQL (0.3ms)[0m  [1m[32mINSERT INTO "lists" ("name", "created_at", "updated_at") VALUES (?, ?, ?)[0m  [["name", "Onboarding"], ["created_at", "2018-01-22 18:37:47.447756"], ["updated_at", "2018-01-22 18:37:47.447756"]]
  [1m[35m (6.4ms)[0m  [1m[36mcommit transaction[0m
  [1m[35m (0.1ms)[0m  [1m[36mbegin transaction[0m
  [1m[35mSQL (0.3ms)[0m  [1m[32mINSERT INTO "lists" ("name", "created_at", "updated_at") VALUES (?, ?, ?)[0m  [["name", "Other Stuff"], ["created_at", "2018-01-22 18:37:47.455977"], ["updated_at", "2018-01-22 18:37:47.455977"]]
  [1m[35m (0.7ms)[0m  [1m[36mcommit transaction[0m
  [1m[35m (0.0ms)[0m  [1m[36mbegin transaction[0m
  [1m[35mSQL (0.2ms)[0m  [1m[32mINSERT INTO "tasks" ("description", "completed", "created_at", "updated_at", "list_id") VALUES (?, ?, ?, ?, ?)[0m  [["description", "Read Documentation"], ["completed", "f"], ["created_at", "2018-01-22 18:37:47.472920"], ["updated_at", "2018-01-22 18:37:47.472920"], ["list_id", 1]]
  [1m[35m (0.7ms)[0m  [1m[36mcommit transaction[0m
  [1m[35m (0.0ms)[0m  [1m[36mbegin transaction[0m
  [1m[35mSQL (0.2ms)[0m  [1m[32mINSERT INTO "tasks" ("description", "completed", "created_at", "updated_at", "list_id") VALUES (?, ?, ?, ?, ?)[0m  [["description", "Do Tasks App"], ["completed", "t"], ["created_at", "2018-01-22 18:37:47.475036"], ["updated_at", "2018-01-22 18:37:47.475036"], ["list_id", 1]]
  [1m[35m (0.6ms)[0m  [1m[36mcommit transaction[0m
  [1m[35m (0.0ms)[0m  [1m[36mbegin transaction[0m
  [1m[35mSQL (0.3ms)[0m  [1m[32mINSERT INTO "tasks" ("description", "completed", "created_at", "updated_at", "list_id") VALUES (?, ?, ?, ?, ?)[0m  [["description", "Get Code Review"], ["completed", "f"], ["created_at", "2018-01-22 18:37:47.476962"], ["updated_at", "2018-01-22 18:37:47.476962"], ["list_id", 1]]
  [1m[35m (0.6ms)[0m  [1m[36mcommit transaction[0m
  [1m[35m (0.0ms)[0m  [1m[36mbegin transaction[0m
  [1m[35mSQL (0.2ms)[0m  [1m[32mINSERT INTO "tasks" ("description", "completed", "created_at", "updated_at", "list_id") VALUES (?, ?, ?, ?, ?)[0m  [["description", "Learn how to use confluence"], ["completed", "f"], ["created_at", "2018-01-22 18:37:47.479010"], ["updated_at", "2018-01-22 18:37:47.479010"], ["list_id", 2]]
  [1m[35m (0.6ms)[0m  [1m[36mcommit transaction[0m
  [1m[35m (0.0ms)[0m  [1m[36mbegin transaction[0m
  [1m[35mSQL (0.2ms)[0m  [1m[32mINSERT INTO "tasks" ("description", "completed", "created_at", "updated_at", "list_id") VALUES (?, ?, ?, ?, ?)[0m  [["description", "Get a snack"], ["completed", "f"], ["created_at", "2018-01-22 18:37:47.480950"], ["updated_at", "2018-01-22 18:37:47.480950"], ["list_id", 2]]
  [1m[35m (0.6ms)[0m  [1m[36mcommit transaction[0m
Started GET "/lists/3" for 127.0.0.1 at 2018-01-22 13:38:02 -0500
  [1m[35m (0.1ms)[0m  [1m[34mSELECT "schema_migrations"."version" FROM "schema_migrations" ORDER BY "schema_migrations"."version" ASC[0m
Processing by ListsController#show as HTML
  Parameters: {"id"=>"3"}
  [1m[36mList Load (0.1ms)[0m  [1m[34mSELECT  "lists".* FROM "lists" WHERE "lists"."id" = ? LIMIT ?[0m  [["id", 3], ["LIMIT", 1]]
Completed 404 Not Found in 13ms (ActiveRecord: 0.6ms)


  
ActiveRecord::RecordNotFound (Couldn't find List with 'id'=3):
  
app/controllers/lists_controller.rb:22:in `show'
Started GET "/" for 127.0.0.1 at 2018-01-22 13:38:07 -0500
Processing by ListsController#index as HTML
  Rendering lists/index.html.erb within layouts/application
  [1m[36mList Load (0.1ms)[0m  [1m[34mSELECT "lists".* FROM "lists"[0m
  Rendered lists/index.html.erb within layouts/application (5.9ms)
Completed 200 OK in 165ms (Views: 162.8ms | ActiveRecord: 0.3ms)


Started GET "/lists/1" for 127.0.0.1 at 2018-01-22 13:38:09 -0500
Processing by ListsController#show as HTML
  Parameters: {"id"=>"1"}
  [1m[36mList Load (0.2ms)[0m  [1m[34mSELECT  "lists".* FROM "lists" WHERE "lists"."id" = ? LIMIT ?[0m  [["id", 1], ["LIMIT", 1]]
  Rendering lists/show.html.erb within layouts/application
  [1m[36mTask Load (0.2ms)[0m  [1m[34mSELECT "tasks".* FROM "tasks" WHERE "tasks"."list_id" = ?[0m  [["list_id", 1]]
  Rendered collection of tasks/_task.html.erb [3 times] (1.6ms)
  Rendered lists/show.html.erb within layouts/application (27.8ms)
Completed 200 OK in 69ms (Views: 45.9ms | ActiveRecord: 0.8ms)


Started GET "/lists/2" for 127.0.0.1 at 2018-01-22 13:38:13 -0500
Processing by ListsController#show as HTML
  Parameters: {"id"=>"2"}
  [1m[36mList Load (0.2ms)[0m  [1m[34mSELECT  "lists".* FROM "lists" WHERE "lists"."id" = ? LIMIT ?[0m  [["id", 2], ["LIMIT", 1]]
  Rendering lists/show.html.erb within layouts/application
  [1m[36mTask Load (0.1ms)[0m  [1m[34mSELECT "tasks".* FROM "tasks" WHERE "tasks"."list_id" = ?[0m  [["list_id", 2]]
  Rendered collection of tasks/_task.html.erb [2 times] (0.7ms)
  Rendered lists/show.html.erb within layouts/application (5.1ms)
Completed 200 OK in 22ms (Views: 17.7ms | ActiveRecord: 0.3ms)


Started GET "/" for 127.0.0.1 at 2018-01-22 13:39:03 -0500
Processing by ListsController#index as HTML
  Rendering lists/index.html.erb within layouts/application
  [1m[36mList Load (0.1ms)[0m  [1m[34mSELECT "lists".* FROM "lists"[0m
  Rendered lists/index.html.erb within layouts/application (1.2ms)
Completed 200 OK in 14ms (Views: 12.5ms | ActiveRecord: 0.1ms)


  [1m[35m (0.1ms)[0m  [1m[34mSELECT "schema_migrations"."version" FROM "schema_migrations" ORDER BY "schema_migrations"."version" ASC[0m
  [1m[36mActiveRecord::InternalMetadata Load (0.1ms)[0m  [1m[34mSELECT  "ar_internal_metadata".* FROM "ar_internal_metadata" WHERE "ar_internal_metadata"."key" = ? LIMIT ?[0m  [["key", "environment"], ["LIMIT", 1]]
  [1m[35m (0.0ms)[0m  [1m[36mbegin transaction[0m
  [1m[35m (0.0ms)[0m  [1m[36mcommit transaction[0m
  [1m[35m (0.1ms)[0m  [1m[34mSELECT "schema_migrations"."version" FROM "schema_migrations" ORDER BY "schema_migrations"."version" ASC[0m
  [1m[35m (0.1ms)[0m  [1m[34mSELECT "schema_migrations"."version" FROM "schema_migrations" ORDER BY "schema_migrations"."version" ASC[0m
  [1m[35m (0.0ms)[0m  [1m[36mbegin transaction[0m
  [1m[35mSQL (0.3ms)[0m  [1m[32mINSERT INTO "lists" ("name", "created_at", "updated_at") VALUES (?, ?, ?)[0m  [["name", "Onboarding"], ["created_at", "2018-01-22 18:43:34.502330"], ["updated_at", "2018-01-22 18:43:34.502330"]]
  [1m[35m (6.2ms)[0m  [1m[36mcommit transaction[0m
  [1m[35m (0.1ms)[0m  [1m[36mbegin transaction[0m
  [1m[35mSQL (0.3ms)[0m  [1m[32mINSERT INTO "lists" ("name", "created_at", "updated_at") VALUES (?, ?, ?)[0m  [["name", "Other Stuff"], ["created_at", "2018-01-22 18:43:34.510533"], ["updated_at", "2018-01-22 18:43:34.510533"]]
  [1m[35m (0.6ms)[0m  [1m[36mcommit transaction[0m
  [1m[35m (0.0ms)[0m  [1m[36mbegin transaction[0m
  [1m[35mSQL (0.2ms)[0m  [1m[32mINSERT INTO "tasks" ("description", "completed", "created_at", "updated_at", "list_id") VALUES (?, ?, ?, ?, ?)[0m  [["description", "Read Documentation"], ["completed", "f"], ["created_at", "2018-01-22 18:43:34.527921"], ["updated_at", "2018-01-22 18:43:34.527921"], ["list_id", 3]]
  [1m[35m (0.6ms)[0m  [1m[36mcommit transaction[0m
  [1m[35m (0.0ms)[0m  [1m[36mbegin transaction[0m
  [1m[35mSQL (0.2ms)[0m  [1m[32mINSERT INTO "tasks" ("description", "completed", "created_at", "updated_at", "list_id") VALUES (?, ?, ?, ?, ?)[0m  [["description", "Do Tasks App"], ["completed", "t"], ["created_at", "2018-01-22 18:43:34.529907"], ["updated_at", "2018-01-22 18:43:34.529907"], ["list_id", 3]]
  [1m[35m (0.5ms)[0m  [1m[36mcommit transaction[0m
  [1m[35m (0.0ms)[0m  [1m[36mbegin transaction[0m
  [1m[35mSQL (0.2ms)[0m  [1m[32mINSERT INTO "tasks" ("description", "completed", "created_at", "updated_at", "list_id") VALUES (?, ?, ?, ?, ?)[0m  [["description", "Get Code Review"], ["completed", "f"], ["created_at", "2018-01-22 18:43:34.531736"], ["updated_at", "2018-01-22 18:43:34.531736"], ["list_id", 3]]
  [1m[35m (0.6ms)[0m  [1m[36mcommit transaction[0m
  [1m[35m (0.0ms)[0m  [1m[36mbegin transaction[0m
  [1m[35mSQL (0.2ms)[0m  [1m[32mINSERT INTO "tasks" ("description", "completed", "created_at", "updated_at", "list_id") VALUES (?, ?, ?, ?, ?)[0m  [["description", "Learn how to use confluence"], ["completed", "f"], ["created_at", "2018-01-22 18:43:34.533758"], ["updated_at", "2018-01-22 18:43:34.533758"], ["list_id", 4]]
  [1m[35m (0.7ms)[0m  [1m[36mcommit transaction[0m
  [1m[35m (0.0ms)[0m  [1m[36mbegin transaction[0m
  [1m[35mSQL (0.2ms)[0m  [1m[32mINSERT INTO "tasks" ("description", "completed", "created_at", "updated_at", "list_id") VALUES (?, ?, ?, ?, ?)[0m  [["description", "Get a snack"], ["completed", "f"], ["created_at", "2018-01-22 18:43:34.535813"], ["updated_at", "2018-01-22 18:43:34.535813"], ["list_id", 4]]
  [1m[35m (0.5ms)[0m  [1m[36mcommit transaction[0m
Started GET "/" for 127.0.0.1 at 2018-01-22 13:43:41 -0500
  [1m[35m (0.1ms)[0m  [1m[34mSELECT "schema_migrations"."version" FROM "schema_migrations" ORDER BY "schema_migrations"."version" ASC[0m
Processing by ListsController#index as HTML
  Rendering lists/index.html.erb within layouts/application
  [1m[36mList Load (0.2ms)[0m  [1m[34mSELECT "lists".* FROM "lists"[0m
  Rendered lists/index.html.erb within layouts/application (7.6ms)
Completed 200 OK in 177ms (Views: 165.1ms | ActiveRecord: 0.6ms)


Started DELETE "/lists/1" for 127.0.0.1 at 2018-01-22 13:43:43 -0500
Processing by ListsController#destroy as HTML
  Parameters: {"authenticity_token"=>"rcWWHZEJT1jPr+XuY2nN8ydCuhgktP4J2/EJMlTnp/zdsTd/tY2FwpJXze6q3sfsdf7+Zs0HYveXJNHgZ5fF4Q==", "id"=>"1"}
  [1m[36mList Load (0.1ms)[0m  [1m[34mSELECT  "lists".* FROM "lists" WHERE "lists"."id" = ? LIMIT ?[0m  [["id", 1], ["LIMIT", 1]]
  [1m[35m (0.0ms)[0m  [1m[36mbegin transaction[0m
  [1m[35mSQL (1.2ms)[0m  [1m[31mDELETE FROM "lists" WHERE "lists"."id" = ?[0m  [["id", 1]]
  [1m[35m (0.9ms)[0m  [1m[36mcommit transaction[0m
Redirected to http://localhost:3000/lists
Completed 302 Found in 7ms (ActiveRecord: 2.5ms)


Started GET "/lists" for 127.0.0.1 at 2018-01-22 13:43:43 -0500
Processing by ListsController#index as HTML
  Rendering lists/index.html.erb within layouts/application
  [1m[36mList Load (0.1ms)[0m  [1m[34mSELECT "lists".* FROM "lists"[0m
  Rendered lists/index.html.erb within layouts/application (1.4ms)
Completed 200 OK in 15ms (Views: 13.5ms | ActiveRecord: 0.1ms)


Started DELETE "/lists/2" for 127.0.0.1 at 2018-01-22 13:43:44 -0500
Processing by ListsController#destroy as HTML
  Parameters: {"authenticity_token"=>"UZd8oPcVJzhBASdHyHMlAZk+vLXecNRo84PC1rC3jK8h493C05Htohz5D0cBxC8ey4L4yzfDSJa/VhoEg8fusg==", "id"=>"2"}
  [1m[36mList Load (0.1ms)[0m  [1m[34mSELECT  "lists".* FROM "lists" WHERE "lists"."id" = ? LIMIT ?[0m  [["id", 2], ["LIMIT", 1]]
  [1m[35m (0.1ms)[0m  [1m[36mbegin transaction[0m
  [1m[35mSQL (0.3ms)[0m  [1m[31mDELETE FROM "lists" WHERE "lists"."id" = ?[0m  [["id", 2]]
  [1m[35m (6.4ms)[0m  [1m[36mcommit transaction[0m
Redirected to http://localhost:3000/lists
Completed 302 Found in 10ms (ActiveRecord: 7.0ms)


Started GET "/lists" for 127.0.0.1 at 2018-01-22 13:43:44 -0500
Processing by ListsController#index as HTML
  Rendering lists/index.html.erb within layouts/application
  [1m[36mList Load (0.2ms)[0m  [1m[34mSELECT "lists".* FROM "lists"[0m
  Rendered lists/index.html.erb within layouts/application (1.3ms)
Completed 200 OK in 15ms (Views: 13.0ms | ActiveRecord: 0.2ms)


Started DELETE "/lists/3" for 127.0.0.1 at 2018-01-22 13:43:45 -0500
Processing by ListsController#destroy as HTML
  Parameters: {"authenticity_token"=>"tR2UYiqFeIA0uW+mkdpDZIyISUBH59E4sw3H6+wjASfFaTUADgGyGmlBR6ZYbUl73jQNPq5UTcb/2B8531NjOg==", "id"=>"3"}
  [1m[36mList Load (0.1ms)[0m  [1m[34mSELECT  "lists".* FROM "lists" WHERE "lists"."id" = ? LIMIT ?[0m  [["id", 3], ["LIMIT", 1]]
  [1m[35m (0.1ms)[0m  [1m[36mbegin transaction[0m
  [1m[35mSQL (0.2ms)[0m  [1m[31mDELETE FROM "lists" WHERE "lists"."id" = ?[0m  [["id", 3]]
  [1m[35m (0.7ms)[0m  [1m[36mcommit transaction[0m
Redirected to http://localhost:3000/lists
Completed 302 Found in 3ms (ActiveRecord: 1.0ms)


Started GET "/lists" for 127.0.0.1 at 2018-01-22 13:43:45 -0500
Processing by ListsController#index as HTML
  Rendering lists/index.html.erb within layouts/application
  [1m[36mList Load (0.1ms)[0m  [1m[34mSELECT "lists".* FROM "lists"[0m
  Rendered lists/index.html.erb within layouts/application (1.0ms)
Completed 200 OK in 18ms (Views: 16.5ms | ActiveRecord: 0.1ms)


Started DELETE "/lists/4" for 127.0.0.1 at 2018-01-22 13:43:46 -0500
Processing by ListsController#destroy as HTML
  Parameters: {"authenticity_token"=>"kB2cleYu5m0a+3dCHIHykzPgmjkNQ3xK2VHa5IL1gIbgaT33wqos90cDX0LVNviMYVzeR+Tw4LSVhAI2sYXimw==", "id"=>"4"}
  [1m[36mList Load (0.1ms)[0m  [1m[34mSELECT  "lists".* FROM "lists" WHERE "lists"."id" = ? LIMIT ?[0m  [["id", 4], ["LIMIT", 1]]
  [1m[35m (0.1ms)[0m  [1m[36mbegin transaction[0m
  [1m[35mSQL (0.2ms)[0m  [1m[31mDELETE FROM "lists" WHERE "lists"."id" = ?[0m  [["id", 4]]
  [1m[35m (6.1ms)[0m  [1m[36mcommit transaction[0m
Redirected to http://localhost:3000/lists
Completed 302 Found in 9ms (ActiveRecord: 6.6ms)


Started GET "/lists" for 127.0.0.1 at 2018-01-22 13:43:46 -0500
Processing by ListsController#index as HTML
  Rendering lists/index.html.erb within layouts/application
  [1m[36mList Load (0.1ms)[0m  [1m[34mSELECT "lists".* FROM "lists"[0m
  Rendered lists/index.html.erb within layouts/application (0.9ms)
Completed 200 OK in 14ms (Views: 12.5ms | ActiveRecord: 0.1ms)


  [1m[35m (0.1ms)[0m  [1m[34mSELECT "schema_migrations"."version" FROM "schema_migrations" ORDER BY "schema_migrations"."version" ASC[0m
  [1m[35m (0.1ms)[0m  [1m[34mSELECT "ar_internal_metadata"."value" FROM "ar_internal_metadata" WHERE "ar_internal_metadata"."key" = ?[0m  [["key", "environment"]]
  [1m[35m (0.1ms)[0m  [1m[34mSELECT "schema_migrations"."version" FROM "schema_migrations" ORDER BY "schema_migrations"."version" ASC[0m
  [1m[35m (0.1ms)[0m  [1m[34mSELECT "ar_internal_metadata"."value" FROM "ar_internal_metadata" WHERE "ar_internal_metadata"."key" = ?[0m  [["key", "environment"]]
  [1m[35m (0.0ms)[0m  [1m[34mSELECT "schema_migrations"."version" FROM "schema_migrations" ORDER BY "schema_migrations"."version" ASC[0m
  [1m[35m (0.0ms)[0m  [1m[34mSELECT "ar_internal_metadata"."value" FROM "ar_internal_metadata" WHERE "ar_internal_metadata"."key" = ?[0m  [["key", "environment"]]
  [1m[35m (0.1ms)[0m  [1m[34mSELECT sqlite_version(*)[0m
  [1m[35m (7.1ms)[0m  [1m[35mCREATE TABLE "schema_migrations" ("version" varchar NOT NULL PRIMARY KEY)[0m
  [1m[35m (1.0ms)[0m  [1m[35mCREATE TABLE "ar_internal_metadata" ("key" varchar NOT NULL PRIMARY KEY, "value" varchar, "created_at" datetime NOT NULL, "updated_at" datetime NOT NULL)[0m
  [1m[35m (0.1ms)[0m  [1m[34mSELECT "schema_migrations"."version" FROM "schema_migrations" ORDER BY "schema_migrations"."version" ASC[0m
Migrating to CreateLists (20170821124223)
  [1m[35m (0.0ms)[0m  [1m[36mbegin transaction[0m
  [1m[35m (0.3ms)[0m  [1m[35mCREATE TABLE "lists" ("id" INTEGER PRIMARY KEY AUTOINCREMENT NOT NULL, "name" varchar, "created_at" datetime NOT NULL, "updated_at" datetime NOT NULL)[0m
  [1m[35mSQL (0.1ms)[0m  [1m[32mINSERT INTO "schema_migrations" ("version") VALUES (?)[0m  [["version", "20170821124223"]]
  [1m[35m (0.7ms)[0m  [1m[36mcommit transaction[0m
Migrating to CreateTasks (20170821160611)
  [1m[35m (0.0ms)[0m  [1m[36mbegin transaction[0m
  [1m[35m (0.3ms)[0m  [1m[35mCREATE TABLE "tasks" ("id" INTEGER PRIMARY KEY AUTOINCREMENT NOT NULL, "description" varchar, "completed" boolean, "created_at" datetime NOT NULL, "updated_at" datetime NOT NULL)[0m
  [1m[35mSQL (0.1ms)[0m  [1m[32mINSERT INTO "schema_migrations" ("version") VALUES (?)[0m  [["version", "20170821160611"]]
  [1m[35m (0.9ms)[0m  [1m[36mcommit transaction[0m
Migrating to AddListIdToTasks (20170821162312)
  [1m[35m (0.1ms)[0m  [1m[36mbegin transaction[0m
  [1m[35m (0.3ms)[0m  [1m[35mALTER TABLE "tasks" ADD "list_id" integer[0m
  [1m[35mSQL (0.1ms)[0m  [1m[32mINSERT INTO "schema_migrations" ("version") VALUES (?)[0m  [["version", "20170821162312"]]
  [1m[35m (0.6ms)[0m  [1m[36mcommit transaction[0m
  [1m[36mActiveRecord::InternalMetadata Load (0.1ms)[0m  [1m[34mSELECT  "ar_internal_metadata".* FROM "ar_internal_metadata" WHERE "ar_internal_metadata"."key" = ? LIMIT ?[0m  [["key", "environment"], ["LIMIT", 1]]
  [1m[35m (0.1ms)[0m  [1m[36mbegin transaction[0m
  [1m[35mSQL (0.2ms)[0m  [1m[32mINSERT INTO "ar_internal_metadata" ("key", "value", "created_at", "updated_at") VALUES (?, ?, ?, ?)[0m  [["key", "environment"], ["value", "development"], ["created_at", "2018-01-22 18:43:59.650842"], ["updated_at", "2018-01-22 18:43:59.650842"]]
  [1m[35m (1.2ms)[0m  [1m[36mcommit transaction[0m
  [1m[35m (0.1ms)[0m  [1m[34mSELECT "schema_migrations"."version" FROM "schema_migrations" ORDER BY "schema_migrations"."version" ASC[0m
  [1m[35m (0.1ms)[0m  [1m[34mSELECT "schema_migrations"."version" FROM "schema_migrations" ORDER BY "schema_migrations"."version" ASC[0m
  [1m[35m (0.0ms)[0m  [1m[36mbegin transaction[0m
  [1m[35mSQL (0.3ms)[0m  [1m[32mINSERT INTO "lists" ("name", "created_at", "updated_at") VALUES (?, ?, ?)[0m  [["name", "Onboarding"], ["created_at", "2018-01-22 18:44:04.563757"], ["updated_at", "2018-01-22 18:44:04.563757"]]
  [1m[35m (6.5ms)[0m  [1m[36mcommit transaction[0m
  [1m[35m (0.1ms)[0m  [1m[36mbegin transaction[0m
  [1m[35mSQL (0.3ms)[0m  [1m[32mINSERT INTO "lists" ("name", "created_at", "updated_at") VALUES (?, ?, ?)[0m  [["name", "Other Stuff"], ["created_at", "2018-01-22 18:44:04.572266"], ["updated_at", "2018-01-22 18:44:04.572266"]]
  [1m[35m (1.3ms)[0m  [1m[36mcommit transaction[0m
  [1m[35m (0.0ms)[0m  [1m[36mbegin transaction[0m
  [1m[35mSQL (0.2ms)[0m  [1m[32mINSERT INTO "tasks" ("description", "completed", "created_at", "updated_at", "list_id") VALUES (?, ?, ?, ?, ?)[0m  [["description", "Read Documentation"], ["completed", "f"], ["created_at", "2018-01-22 18:44:04.592577"], ["updated_at", "2018-01-22 18:44:04.592577"], ["list_id", 1]]
  [1m[35m (0.6ms)[0m  [1m[36mcommit transaction[0m
  [1m[35m (0.0ms)[0m  [1m[36mbegin transaction[0m
  [1m[35mSQL (0.3ms)[0m  [1m[32mINSERT INTO "tasks" ("description", "completed", "created_at", "updated_at", "list_id") VALUES (?, ?, ?, ?, ?)[0m  [["description", "Do Tasks App"], ["completed", "t"], ["created_at", "2018-01-22 18:44:04.594669"], ["updated_at", "2018-01-22 18:44:04.594669"], ["list_id", 1]]
  [1m[35m (1.1ms)[0m  [1m[36mcommit transaction[0m
  [1m[35m (0.1ms)[0m  [1m[36mbegin transaction[0m
  [1m[35mSQL (0.2ms)[0m  [1m[32mINSERT INTO "tasks" ("description", "completed", "created_at", "updated_at", "list_id") VALUES (?, ?, ?, ?, ?)[0m  [["description", "Get Code Review"], ["completed", "f"], ["created_at", "2018-01-22 18:44:04.597733"], ["updated_at", "2018-01-22 18:44:04.597733"], ["list_id", 1]]
  [1m[35m (1.2ms)[0m  [1m[36mcommit transaction[0m
  [1m[35m (0.1ms)[0m  [1m[36mbegin transaction[0m
  [1m[35mSQL (0.3ms)[0m  [1m[32mINSERT INTO "tasks" ("description", "completed", "created_at", "updated_at", "list_id") VALUES (?, ?, ?, ?, ?)[0m  [["description", "Learn how to use confluence"], ["completed", "f"], ["created_at", "2018-01-22 18:44:04.600749"], ["updated_at", "2018-01-22 18:44:04.600749"], ["list_id", 2]]
  [1m[35m (0.8ms)[0m  [1m[36mcommit transaction[0m
  [1m[35m (0.0ms)[0m  [1m[36mbegin transaction[0m
  [1m[35mSQL (0.2ms)[0m  [1m[32mINSERT INTO "tasks" ("description", "completed", "created_at", "updated_at", "list_id") VALUES (?, ?, ?, ?, ?)[0m  [["description", "Get a snack"], ["completed", "f"], ["created_at", "2018-01-22 18:44:04.603135"], ["updated_at", "2018-01-22 18:44:04.603135"], ["list_id", 2]]
  [1m[35m (0.7ms)[0m  [1m[36mcommit transaction[0m
Started GET "/lists" for 127.0.0.1 at 2018-01-22 13:44:09 -0500
  [1m[35m (0.1ms)[0m  [1m[34mSELECT "schema_migrations"."version" FROM "schema_migrations" ORDER BY "schema_migrations"."version" ASC[0m
Processing by ListsController#index as HTML
  Rendering lists/index.html.erb within layouts/application
  [1m[36mList Load (0.2ms)[0m  [1m[34mSELECT "lists".* FROM "lists"[0m
  Rendered lists/index.html.erb within layouts/application (9.0ms)
Completed 200 OK in 185ms (Views: 173.0ms | ActiveRecord: 0.9ms)


Started GET "/lists/1" for 127.0.0.1 at 2018-01-22 13:44:12 -0500
Processing by ListsController#show as HTML
  Parameters: {"id"=>"1"}
  [1m[36mList Load (0.2ms)[0m  [1m[34mSELECT  "lists".* FROM "lists" WHERE "lists"."id" = ? LIMIT ?[0m  [["id", 1], ["LIMIT", 1]]
  Rendering lists/show.html.erb within layouts/application
  [1m[36mTask Load (0.4ms)[0m  [1m[34mSELECT "tasks".* FROM "tasks" WHERE "tasks"."list_id" = ?[0m  [["list_id", 1]]
  Rendered collection of tasks/_task.html.erb [3 times] (1.5ms)
  Rendered lists/show.html.erb within layouts/application (23.7ms)
Completed 200 OK in 56ms (Views: 33.7ms | ActiveRecord: 1.7ms)


Started GET "/lists/2" for 127.0.0.1 at 2018-01-22 13:44:14 -0500
Processing by ListsController#show as HTML
  Parameters: {"id"=>"2"}
  [1m[36mList Load (0.2ms)[0m  [1m[34mSELECT  "lists".* FROM "lists" WHERE "lists"."id" = ? LIMIT ?[0m  [["id", 2], ["LIMIT", 1]]
  Rendering lists/show.html.erb within layouts/application
  [1m[36mTask Load (0.2ms)[0m  [1m[34mSELECT "tasks".* FROM "tasks" WHERE "tasks"."list_id" = ?[0m  [["list_id", 2]]
  Rendered collection of tasks/_task.html.erb [2 times] (1.3ms)
  Rendered lists/show.html.erb within layouts/application (6.5ms)
Completed 200 OK in 22ms (Views: 18.8ms | ActiveRecord: 0.3ms)


